T0B50 19919:990.740   SEGGER J-Link V7.52a Log File
T0B50 19919:990.857   DLL Compiled: Jul 28 2021 11:08:12
T0B50 19919:990.881   Logging started @ 2025-05-27 21:19
T0B50 19919:990.903 - 168970.162ms
T0B50 19919:995.886 JLINK_ExecCommand("Device = AT91SAM3S1B", ...). 
T0B50 19919:996.093   Device "ATSAM3S1B" selected.
T0B50 19919:996.431 - 0.517ms returns 0x00
T0B50 19920:066.572 JLINK_TIF_Select(JLINKARM_TIF_JTAG)
T0B50 19920:067.502 - 0.969ms returns 0x00
T0B50 19920:067.571 JLINK_ConfigJTAG(IRPre = 0, DRPre = 0)
T0B50 19920:067.659 - 0.109ms
T0B50 19920:067.708 JLINK_SetSpeed(4000)
T0B50 19920:067.841 - 0.158ms
T0B50 19920:067.883 JLINK_ResetPullsRESET(OFF)
T0B50 19920:067.904 - 0.030ms
T0B50 19920:067.939 JLINK_Connect()
T0B50 19920:069.229   TotalIRLen = 4, IRPrint = 0x01
T0B50 19920:069.830   JTAG chain detection found 1 devices:
T0B50 19920:069.895    #0 Id: 0x4BA00477, IRLen: 04, CoreSight JTAG-DP
T0B50 19920:073.942   Old FW that does not support reading DPIDR via DAP jobs
T0B50 19920:077.108   DPv0 detected
T0B50 19920:077.145   Scanning AP map to find all available APs
T0B50 19920:079.906   AP[1]: Stopped AP scan as end of AP map has been reached
T0B50 19920:079.938   AP[0]: AHB-AP (IDR: 0x24770011)
T0B50 19920:079.959   Iterating through AP map to find AHB-AP to use
T0B50 19920:084.577   AP[0]: Core found
T0B50 19920:084.615   AP[0]: AHB-AP ROM base: 0xE00FF000
T0B50 19920:086.906   CPUID register: 0x412FC230. Implementer code: 0x41 (ARM)
T0B50 19920:086.942   Found Cortex-M3 r2p0, Little endian.
T0B50 19920:087.297   -- Max. mem block: 0x000023B8
T0B50 19920:087.395   CPU_ReadMem(4 bytes @ 0xE000EDF0)
T0B50 19920:090.982   CPU_WriteMem(4 bytes @ 0xE000EDF0)
T0B50 19920:091.383   CPU_ReadMem(4 bytes @ 0xE0002000)
T0B50 19920:091.831   FPUnit: 6 code (BP) slots and 2 literal slots
T0B50 19920:091.847   CPU_ReadMem(4 bytes @ 0xE000EDFC)
T0B50 19920:092.311   CPU_WriteMem(4 bytes @ 0xE000EDFC)
T0B50 19920:092.756   CPU_ReadMem(4 bytes @ 0xE0001000)
T0B50 19920:093.239   CPU_WriteMem(4 bytes @ 0xE0001000)
T0B50 19920:093.724   CPU_ReadMem(4 bytes @ 0xE000ED88)
T0B50 19920:094.225   CPU_WriteMem(4 bytes @ 0xE000ED88)
T0B50 19920:094.705   CPU_ReadMem(4 bytes @ 0xE000ED88)
T0B50 19920:095.192   CPU_WriteMem(4 bytes @ 0xE000ED88)
T0B50 19920:095.602   CoreSight components:
T0B50 19920:095.627   ROMTbl[0] @ E00FF000
T0B50 19920:095.639   CPU_ReadMem(64 bytes @ 0xE00FF000)
T0B50 19920:096.351   CPU_ReadMem(32 bytes @ 0xE000EFE0)
T0B50 19920:096.990   ROMTbl[0][0]: E000E000, CID: B105E00D, PID: 002BB000 SCS
T0B50 19920:097.015   CPU_ReadMem(32 bytes @ 0xE0001FE0)
T0B50 19920:097.740   ROMTbl[0][1]: E0001000, CID: B105E00D, PID: 002BB002 DWT
T0B50 19920:097.757   CPU_ReadMem(32 bytes @ 0xE0002FE0)
T0B50 19920:098.433   ROMTbl[0][2]: E0002000, CID: B105E00D, PID: 002BB003 FPB
T0B50 19920:098.449   CPU_ReadMem(32 bytes @ 0xE0000FE0)
T0B50 19920:099.087   ROMTbl[0][3]: E0000000, CID: B105E00D, PID: 002BB001 ITM
T0B50 19920:099.104   CPU_ReadMem(32 bytes @ 0xE0040FE0)
T0B50 19920:099.763   ROMTbl[0][4]: E0040000, CID: B105900D, PID: 002BB923 TPIU-Lite
T0B50 19920:099.784 - 31.848ms returns 0x00
T0B50 19920:099.868 JLINK_Halt()
T0B50 19920:103.121 - 3.266ms returns 0x00
T0B50 19920:103.258 JLINK_BeginDownload(Flags = 0x00000000)
T0B50 19920:103.269 - 0.014ms
T0B50 19920:103.293 JLINK_WriteMem(0x400E0A04, 0x4 Bytes, ...)
T0B50 19920:103.302   Data:  0B 01 00 5A
T0B50 19920:103.706   CPU_WriteMem(4 bytes @ 0x400E0A04)
T0B50 19920:104.152 - 0.868ms returns 0x4
T0B50 19920:104.198 JLINK_EndDownload()
T0B50 19920:104.209 - 0.014ms returns 0 (0x0)
T0B50 19920:104.219 JLINK_ReadMemHW(0x400E0A08, 0x0004 Bytes, ...)
T0B50 19920:104.230   CPU_ReadMem(4 bytes @ 0x400E0A08)
T0B50 19920:104.756   Data:  01 00 00 00
T0B50 19920:104.773 - 0.558ms returns 0
T0B50 19920:104.813 JLINK_SetResetType(JLINKARM_CM3_RESET_TYPE_NORMAL)
T0B50 19920:104.822 - 0.012ms returns JLINKARM_CM3_RESET_TYPE_NORMAL
T0B50 19920:104.832 JLINK_Reset()
T0B50 19920:105.179   CPU_ReadMem(16 bytes @ 0x20000000)
T0B50 19920:105.772   CPU_WriteMem(16 bytes @ 0x20000000)
T0B50 19920:106.274   CPU_ReadMem(4 bytes @ 0xE000EDFC)
T0B50 19920:106.800   CPU_WriteMem(4 bytes @ 0xE000EDFC)
T0B50 19920:107.272   CPU_ReadMem(4 bytes @ 0xE0001000)
T0B50 19920:122.333   CPU_WriteMem(4 bytes @ 0xE000ED0C)
T0B50 19920:122.877   CPU_ReadMem(4 bytes @ 0xE000EDF0)
T0B50 19920:123.434   CPU_ReadMem(4 bytes @ 0xE000EDF0)
T0B50 19920:123.964   CPU_WriteMem(4 bytes @ 0xE000EDFC)
T0B50 19920:124.428   CPU_WriteMem(16 bytes @ 0x20000000)
T0B50 19920:128.058   CPU_WriteMem(4 bytes @ 0xE0002000)
T0B50 19920:128.486   CPU_ReadMem(4 bytes @ 0xE000EDFC)
T0B50 19920:129.013   CPU_ReadMem(4 bytes @ 0xE0001000)
T0B50 19920:129.572 - 24.753ms
T0B50 19920:130.875 JLINK_JTAG_GetDeviceID(DeviceIndex = 0)
T0B50 19920:130.900 - 0.032ms returns 1268778103
T0B50 19920:130.919 JLINK_ReadMemU32(0x400E0740, 0x1 Items)
T0B50 19920:130.949   CPU_ReadMem(4 bytes @ 0x400E0740)
T0B50 19920:131.464   Data:  61 05 99 28
T0B50 19920:131.482 - 0.567ms returns 1 (0x1)
T0B50 19920:131.520 JLINK_ReadMemU32(0x400E0744, 0x1 Items)
T0B50 19920:131.535   CPU_ReadMem(4 bytes @ 0x400E0744)
T0B50 19920:132.049   Data:  00 00 00 00
T0B50 19920:132.065 - 0.548ms returns 1 (0x1)
T0B50 19920:132.134 JLINK_BeginDownload(Flags = 0x00000000)
T0B50 19920:132.144 - 0.014ms
T0B50 19920:132.166 JLINK_WriteMem(0x400E0A04, 0x4 Bytes, ...)
T0B50 19920:132.175   Data:  05 00 00 5A
T0B50 19920:132.192   CPU_WriteMem(4 bytes @ 0x400E0A04)
T0B50 19920:132.608 - 0.449ms returns 0x4
T0B50 19920:132.647 JLINK_EndDownload()
T0B50 19920:132.657 - 0.014ms returns 0 (0x0)
T0B50 19920:132.667 JLINK_ReadMemHW(0x400E0A08, 0x0004 Bytes, ...)
T0B50 19920:132.677   CPU_ReadMem(4 bytes @ 0x400E0A08)
T0B50 19920:133.188   Data:  00 00 00 00
T0B50 19920:133.203 - 0.539ms returns 0
T0B50 19920:135.032 JLINK_ReadMemHW(0x400E0A08, 0x0004 Bytes, ...)
T0B50 19920:135.049   CPU_ReadMem(4 bytes @ 0x400E0A08)
T0B50 19920:135.518   Data:  00 00 00 00
T0B50 19920:135.533 - 0.505ms returns 0
T0B50 19920:142.040 JLINK_ReadMemHW(0x400E0A08, 0x0004 Bytes, ...)
T0B50 19920:142.065   CPU_ReadMem(4 bytes @ 0x400E0A08)
T0B50 19920:142.584   Data:  01 00 00 00
T0B50 19920:142.599 - 0.562ms returns 0
T32F4 19920:142.663 JLINK_IsHalted()
T32F4 19920:142.680 - 0.021ms returns TRUE
T32F4 19920:142.692 JLINK_GetMOEs(...)
T32F4 19920:142.703   CPU_ReadMem(4 bytes @ 0xE000ED30)
T32F4 19920:143.214 - 0.531ms returns 0x01
T32F4 19920:143.248 JLINK_ReadReg(R15 (PC))
T32F4 19920:143.260 - 0.016ms returns 0x004006F8
T0B50 19920:143.911 JLINK_ResetPullsRESET(ON)
T0B50 19920:143.933 - 0.027ms
T0B50 19920:143.948 JLINK_ResetNoHalt()
T0B50 19920:145.232   TotalIRLen = 4, IRPrint = 0x01
T0B50 19920:145.815   JTAG chain detection found 1 devices:
T0B50 19920:145.860    #0 Id: 0x4BA00477, IRLen: 04, CoreSight JTAG-DP
T0B50 19920:149.716   Old FW that does not support reading DPIDR via DAP jobs
T0B50 19920:153.423   DPv0 detected
T0B50 19920:153.454   AP map detection skipped. Manually configured AP map found.
T0B50 19920:153.474   AP[0]: AHB-AP (IDR: Not set)
T0B50 19920:158.188   AP[0]: Core found
T0B50 19920:158.221   AP[0]: AHB-AP ROM base: 0xE00FF000
T0B50 19920:160.303   CPUID register: 0x412FC230. Implementer code: 0x41 (ARM)
T0B50 19920:160.327   Found Cortex-M3 r2p0, Little endian.
T0B50 19920:160.496   -- Max. mem block: 0x00001F48
T0B50 19920:160.517   CPU_ReadMem(4 bytes @ 0xE000EDF0)
T0B50 19920:160.917   CPU_ReadMem(4 bytes @ 0xE0002000)
T0B50 19920:161.361   FPUnit: 6 code (BP) slots and 2 literal slots
T0B50 19920:161.378   CPU_ReadMem(4 bytes @ 0xE000EDFC)
T0B50 19920:161.795   CPU_ReadMem(4 bytes @ 0xE0001000)
T0B50 19920:162.215   CPU_ReadMem(4 bytes @ 0xE000ED88)
T0B50 19920:162.666   CPU_WriteMem(4 bytes @ 0xE000ED88)
T0B50 19920:163.008   CPU_ReadMem(4 bytes @ 0xE000ED88)
T0B50 19920:163.430   CPU_WriteMem(4 bytes @ 0xE000ED88)
T0B50 19920:163.806   CoreSight components:
T0B50 19920:163.830   ROMTbl[0] @ E00FF000
T0B50 19920:163.843   CPU_ReadMem(64 bytes @ 0xE00FF000)
T0B50 19920:164.994   CPU_ReadMem(32 bytes @ 0xE000EFE0)
T0B50 19920:165.705   ROMTbl[0][0]: E000E000, CID: B105E00D, PID: 002BB000 SCS
T0B50 19920:165.721   CPU_WriteMem(4 bytes @ 0xE0001000)
T0B50 19920:166.077   CPU_ReadMem(32 bytes @ 0xE0001FE0)
T0B50 19920:166.703   ROMTbl[0][1]: E0001000, CID: B105E00D, PID: 002BB002 DWT
T0B50 19920:166.720   CPU_ReadMem(32 bytes @ 0xE0002FE0)
T0B50 19920:167.330   ROMTbl[0][2]: E0002000, CID: B105E00D, PID: 002BB003 FPB
T0B50 19920:167.346   CPU_ReadMem(32 bytes @ 0xE0000FE0)
T0B50 19920:167.957   ROMTbl[0][3]: E0000000, CID: B105E00D, PID: 002BB001 ITM
T0B50 19920:167.982   CPU_ReadMem(32 bytes @ 0xE0040FE0)
T0B50 19920:168.630   ROMTbl[0][4]: E0040000, CID: B105900D, PID: 002BB923 TPIU-Lite
T0B50 19920:168.654   JLINK_Reset()
T0B50 19920:168.733     CPU_ReadMem(16 bytes @ 0x20000000)
T0B50 19920:169.220     CPU_WriteMem(16 bytes @ 0x20000000)
T0B50 19920:169.666     CPU_ReadMem(4 bytes @ 0xE000EDFC)
T0B50 19920:170.085     CPU_WriteMem(4 bytes @ 0xE000EDFC)
T0B50 19920:170.456     CPU_ReadMem(4 bytes @ 0xE0001000)
T0B50 19920:170.870     CPU_WriteMem(4 bytes @ 0xE0001004)
T0B50 19920:186.324     CPU_WriteMem(4 bytes @ 0xE000ED0C)
T0B50 19920:186.827     CPU_ReadMem(4 bytes @ 0xE000EDF0)
T0B50 19920:187.374     CPU_ReadMem(4 bytes @ 0xE000EDF0)
T0B50 19920:187.926     CPU_WriteMem(4 bytes @ 0xE000EDFC)
T0B50 19920:188.454     CPU_WriteMem(16 bytes @ 0x20000000)
T0B50 19920:192.194     CPU_WriteMem(4 bytes @ 0xE0002000)
T0B50 19920:192.660     CPU_ReadMem(4 bytes @ 0xE000EDFC)
T0B50 19920:193.193     CPU_ReadMem(4 bytes @ 0xE0001000)
T0B50 19920:193.744   - 25.100ms
T0B50 19920:193.762   JLINK_Go()
T0B50 19920:193.775     CPU_ReadMem(4 bytes @ 0xE0001000)
T0B50 19920:194.308     CPU_WriteMem(4 bytes @ 0xE0001004)
T0B50 19920:195.246   - 1.493ms
T0B50 19920:195.261 - 51.316ms
T0B50 19920:195.481 JLINK_TIF_Select(JLINKARM_TIF_JTAG)
T0B50 19920:195.492 - 0.015ms returns 0x00
T0B50 19920:195.502 JLINK_ConfigJTAG(IRPre = 0, DRPre = 0)
T0B50 19920:195.509 - 0.010ms
T0B50 19920:195.518 JLINK_SetSpeed(4000)
T0B50 19920:195.627 - 0.119ms
T0B50 19920:195.646 JLINK_ResetPullsRESET(OFF)
T0B50 19920:195.654 - 0.011ms
T0B50 19920:195.663 JLINK_Connect()
T0B50 19920:197.048   TotalIRLen = 4, IRPrint = 0x01
T0B50 19920:197.747   JTAG chain detection found 1 devices:
T0B50 19920:197.773    #0 Id: 0x4BA00477, IRLen: 04, CoreSight JTAG-DP
T0B50 19920:202.260   Old FW that does not support reading DPIDR via DAP jobs
T0B50 19920:205.712   DPv0 detected
T0B50 19920:205.741   AP map detection skipped. Manually configured AP map found.
T0B50 19920:205.762   AP[0]: AHB-AP (IDR: Not set)
T0B50 19920:210.154   AP[0]: Core found
T0B50 19920:210.182   AP[0]: AHB-AP ROM base: 0xE00FF000
T0B50 19920:212.282   CPUID register: 0x412FC230. Implementer code: 0x41 (ARM)
T0B50 19920:212.307   Found Cortex-M3 r2p0, Little endian.
T0B50 19920:212.475   -- Max. mem block: 0x00001F48
T0B50 19920:212.496   CPU_ReadMem(4 bytes @ 0xE000EDF0)
T0B50 19920:212.921   CPU_ReadMem(4 bytes @ 0xE0002000)
T0B50 19920:213.384   FPUnit: 6 code (BP) slots and 2 literal slots
T0B50 19920:213.400   CPU_ReadMem(4 bytes @ 0xE000EDFC)
T0B50 19920:213.821   CPU_ReadMem(4 bytes @ 0xE0001000)
T0B50 19920:214.239   CPU_WriteMem(4 bytes @ 0xE0001000)
T0B50 19920:214.583   CPU_ReadMem(4 bytes @ 0xE000ED88)
T0B50 19920:215.015   CPU_WriteMem(4 bytes @ 0xE000ED88)
T0B50 19920:215.383   CPU_ReadMem(4 bytes @ 0xE000ED88)
T0B50 19920:215.791   CPU_WriteMem(4 bytes @ 0xE000ED88)
T0B50 19920:216.153   CoreSight components:
T0B50 19920:216.177   ROMTbl[0] @ E00FF000
T0B50 19920:216.189   CPU_ReadMem(64 bytes @ 0xE00FF000)
T0B50 19920:217.273   CPU_ReadMem(32 bytes @ 0xE000EFE0)
T0B50 19920:217.878   ROMTbl[0][0]: E000E000, CID: B105E00D, PID: 002BB000 SCS
T0B50 19920:217.895   CPU_ReadMem(32 bytes @ 0xE0001FE0)
T0B50 19920:218.523   ROMTbl[0][1]: E0001000, CID: B105E00D, PID: 002BB002 DWT
T0B50 19920:218.539   CPU_ReadMem(32 bytes @ 0xE0002FE0)
T0B50 19920:219.205   ROMTbl[0][2]: E0002000, CID: B105E00D, PID: 002BB003 FPB
T0B50 19920:219.229   CPU_ReadMem(32 bytes @ 0xE0000FE0)
T0B50 19920:219.892   ROMTbl[0][3]: E0000000, CID: B105E00D, PID: 002BB001 ITM
T0B50 19920:219.909   CPU_ReadMem(32 bytes @ 0xE0040FE0)
T0B50 19920:220.554   ROMTbl[0][4]: E0040000, CID: B105900D, PID: 002BB923 TPIU-Lite
T0B50 19920:220.574 - 24.915ms returns 0x00
T0B50 19920:220.612 JLINK_Halt()
T0B50 19920:223.766 - 3.163ms returns 0x00
T0B50 19920:223.896 JLINK_BeginDownload(Flags = 0x00000000)
T0B50 19920:223.907 - 0.014ms
T0B50 19920:223.931 JLINK_WriteMem(0x400E0A04, 0x4 Bytes, ...)
T0B50 19920:223.940   Data:  0B 01 00 5A
T0B50 19920:224.039   CPU_WriteMem(4 bytes @ 0x400E0A04)
T0B50 19920:224.463 - 0.539ms returns 0x4
T0B50 19920:224.502 JLINK_EndDownload()
T0B50 19920:224.512 - 0.013ms returns 0 (0x0)
T0B50 19920:224.522 JLINK_ReadMemHW(0x400E0A08, 0x0004 Bytes, ...)
T0B50 19920:224.533   CPU_ReadMem(4 bytes @ 0x400E0A08)
T0B50 19920:225.130   Data:  01 00 00 00
T0B50 19920:225.146 - 0.628ms returns 0
T0B50 19920:225.184 JLINK_SetResetType(JLINKARM_CM3_RESET_TYPE_NORMAL)
T0B50 19920:225.194 - 0.013ms returns JLINKARM_CM3_RESET_TYPE_NORMAL
T0B50 19920:225.204 JLINK_Reset()
T0B50 19920:225.216   CPU_ReadMem(16 bytes @ 0x20000000)
T0B50 19920:225.836   CPU_WriteMem(16 bytes @ 0x20000000)
T0B50 19920:226.399   CPU_ReadMem(4 bytes @ 0xE000EDFC)
T0B50 19920:226.956   CPU_WriteMem(4 bytes @ 0xE000EDFC)
T0B50 19920:227.470   CPU_ReadMem(4 bytes @ 0xE0001000)
T0B50 19920:243.317   CPU_WriteMem(4 bytes @ 0xE000ED0C)
T0B50 19920:243.831   CPU_ReadMem(4 bytes @ 0xE000EDF0)
T0B50 19920:244.398   CPU_ReadMem(4 bytes @ 0xE000EDF0)
T0B50 19920:244.971   CPU_WriteMem(4 bytes @ 0xE000EDFC)
T0B50 19920:245.469   CPU_WriteMem(16 bytes @ 0x20000000)
T0B50 19920:249.327   CPU_WriteMem(4 bytes @ 0xE0002000)
T0B50 19920:249.827   CPU_ReadMem(4 bytes @ 0xE000EDFC)
T0B50 19920:250.390   CPU_ReadMem(4 bytes @ 0xE0001000)
T0B50 19920:250.955 - 25.761ms
T0B50 19920:252.284 JLINK_JTAG_GetDeviceID(DeviceIndex = 0)
T0B50 19920:252.302 - 0.023ms returns 1268778103
T0B50 19920:252.322 JLINK_ReadMemU32(0x400E0740, 0x1 Items)
T0B50 19920:252.340   CPU_ReadMem(4 bytes @ 0x400E0740)
T0B50 19920:252.796   Data:  61 05 99 28
T0B50 19920:252.812 - 0.494ms returns 1 (0x1)
T0B50 19920:252.847 JLINK_ReadMemU32(0x400E0744, 0x1 Items)
T0B50 19920:252.861   CPU_ReadMem(4 bytes @ 0x400E0744)
T0B50 19920:253.286   Data:  00 00 00 00
T0B50 19920:253.301 - 0.457ms returns 1 (0x1)
T31B4 19920:262.041 JLINK_IsHalted()
T31B4 19920:262.073 - 0.036ms returns TRUE
T31B4 19920:262.086 JLINK_GetMOEs(...)
T31B4 19920:262.098   CPU_ReadMem(4 bytes @ 0xE000ED30)
T31B4 19920:262.708 - 0.632ms returns 0x01
T31B4 19920:262.728 JLINK_ReadReg(R15 (PC))
T31B4 19920:262.741 - 0.016ms returns 0xFFFFFFFE
T0B50 19920:262.792 JLINK_BeginDownload(Flags = 0x00000000)
T0B50 19920:262.807 - 0.019ms
T0B50 19920:262.828 JLINK_WriteMem(0x00400000, 0x1540 Bytes, ...)
T0B50 19920:262.837   Data:  18 31 00 20 F9 06 40 00 F5 06 40 00 F5 06 40 00 ...
T0B50 19920:263.205   completely In flash
T0B50 19920:263.250    -- Read from flash cache (5440 bytes @ 0x00400000)
T0B50 19920:263.278 - 0.457ms returns 0x1540
T0B50 19920:263.566 JLINK_WriteMem(0x00401540, 0x52C Bytes, ...)
T0B50 19920:263.588   Data:  4F F4 40 72 1F 4B 1A 60 A3 F5 C0 63 1B 6A 13 F0 ...
T0B50 19920:263.623   completely In flash
T0B50 19920:263.651    -- Read from flash cache (1324 bytes @ 0x00401540)
T0B50 19920:263.671 - 0.112ms returns 0x52C
T31B4 19920:464.031 JLINK_IsHalted()
T31B4 19920:464.058 - 0.031ms returns TRUE
T0B50 19920:464.623 JLINK_EndDownload()
T0B50 19920:464.860   Old firmware which does not support pausing periodic actions during flash download
T0B50 19920:464.883   CPU_ReadMem(4 bytes @ 0xE000ED90)
T0B50 19920:465.357   CPU_ReadMem(4 bytes @ 0xE000ED94)
T0B50 19920:465.878    -- --------------------------------------
T0B50 19920:465.897   Flash bank @ 0x00400000: Default: L2 verify disabled because algorithm performs L1 verify
T0B50 19920:465.963    -- Start of determining dirty areas in flash cache
T0B50 19920:466.011    -- End of determining dirty areas
T0B50 19920:466.023    -- Start of preparing flash programming
T0B50 19920:466.034    -- Calculating RAM usage
T0B50 19920:466.053    -- RAM usage = 2692 Bytes
T0B50 19920:466.063    -- Preserving CPU registers
T0B50 19920:466.087    -- Preparing memory
T0B50 19920:466.098    -- Preparing target
T0B50 19920:468.196    -- Preserving target RAM temporarily used for programming
T0B50 19920:484.309    -- Downloading RAMCode
T0B50 19920:503.955    -- Preparing RAMCode
T0B50 19920:511.442    -- Checking target RAM
T0B50 19920:515.148    -- End of preparing flash programming
T0B50 19920:515.324   Looking for J-Link GUI Server exe at: C:\Program Files (x86)\Atmel\Studio\7.0\atbackend\JLinkGUIServer.exe
T0B50 19920:515.419   Looking for J-Link GUI Server exe at: \JLinkGUIServer.exe
T0B50 19920:816.924   Failed to connect to J-Link GUI Server.
T0B50 19920:825.900    -- CPU speed could not be measured.
T0B50 19920:825.930    -- Start of comparing flash
T0B50 19920:825.941    -- CRC check was estimated as fastest method
T0B50 19920:825.955    -- Comparing range 0x400000 - 0x401AFF (27 Sectors, 6 KiB), using multi-block CRC calculation
T0B50 19920:840.570    -- CRC does not match for sectors 0-26
T0B50 19920:840.600    -- End of comparing flash
T0B50 19920:840.611    -- Start of erasing sectors
T0B50 19920:840.622    -- End of erasing sectors
T0B50 19920:840.633    -- Start of flash programming
T0B50 19920:840.645    -- Programming range 0x00400000 - 0x00401AFF ( 27 Sectors, 6 KB)
T0B50 19920:922.591    -- End of flash programming
T0B50 19920:922.673    -- 0x400000 - 0x401AFF ( 27 Sectors, 6 KoB)
T0B50 19920:922.737    -- Start of restoring
T0B50 19920:922.751    -- Restoring RAMCode
T0B50 19920:935.711    -- Restoring target memory
T0B50 19920:958.832    -- Restore target
T0B50 19920:958.863    -- Restore memory
T0B50 19920:958.874    -- Restoring CPU registers
T0B50 19920:958.899    -- End of restoring
T0B50 19920:958.956    -- Bank 0 @ 0x00400000: 1 range affected (6912 bytes)
T0B50 19920:958.982    -- Total: 0.492s (Prepare: 0.359s, Compare: 0.014s, Erase: 0.000s, Program & Verify: 0.089s, Restore: 0.028s)
T0B50 19920:959.003    -- Program & Verify speed: 75 KiB/s
T0B50 19920:961.584 - 496.979ms returns 6912 (0x1B00)
T0B50 19920:961.659 JLINK_ResetPullsRESET(ON)
T0B50 19920:961.668 - 0.012ms
T0B50 19920:961.680 JLINK_ResetNoHalt()
T0B50 19920:962.962   TotalIRLen = 4, IRPrint = 0x01
T0B50 19920:963.418   JTAG chain detection found 1 devices:
T0B50 19920:963.446    #0 Id: 0x4BA00477, IRLen: 04, CoreSight JTAG-DP
T0B50 19920:966.665   Old FW that does not support reading DPIDR via DAP jobs
T0B50 19920:970.128   DPv0 detected
T0B50 19920:970.155   AP map detection skipped. Manually configured AP map found.
T0B50 19920:970.175   AP[0]: AHB-AP (IDR: Not set)
T0B50 19920:974.756   AP[0]: Core found
T0B50 19920:974.793   AP[0]: AHB-AP ROM base: 0xE00FF000
T0B50 19920:977.139   CPUID register: 0x412FC230. Implementer code: 0x41 (ARM)
T0B50 19920:977.167   Found Cortex-M3 r2p0, Little endian.
T0B50 19920:977.340   -- Max. mem block: 0x00001F48
T0B50 19920:977.360   CPU_ReadMem(4 bytes @ 0xE000EDF0)
T0B50 19920:977.769   CPU_ReadMem(4 bytes @ 0xE0002000)
T0B50 19920:978.290   FPUnit: 6 code (BP) slots and 2 literal slots
T0B50 19920:978.306   CPU_ReadMem(4 bytes @ 0xE000EDFC)
T0B50 19920:978.746   CPU_ReadMem(4 bytes @ 0xE0001000)
T0B50 19920:979.257   CPU_ReadMem(4 bytes @ 0xE000ED88)
T0B50 19920:979.676   CPU_WriteMem(4 bytes @ 0xE000ED88)
T0B50 19920:980.021   CPU_ReadMem(4 bytes @ 0xE000ED88)
T0B50 19920:980.522   CPU_WriteMem(4 bytes @ 0xE000ED88)
T0B50 19920:980.956   CoreSight components:
T0B50 19920:980.979   ROMTbl[0] @ E00FF000
T0B50 19920:980.992   CPU_ReadMem(64 bytes @ 0xE00FF000)
T0B50 19920:982.228   CPU_ReadMem(32 bytes @ 0xE000EFE0)
T0B50 19920:982.907   ROMTbl[0][0]: E000E000, CID: B105E00D, PID: 002BB000 SCS
T0B50 19920:982.927   CPU_WriteMem(4 bytes @ 0xE0001000)
T0B50 19920:983.342   CPU_ReadMem(32 bytes @ 0xE0001FE0)
T0B50 19920:984.072   ROMTbl[0][1]: E0001000, CID: B105E00D, PID: 002BB002 DWT
T0B50 19920:984.089   CPU_ReadMem(32 bytes @ 0xE0002FE0)
T0B50 19920:984.709   ROMTbl[0][2]: E0002000, CID: B105E00D, PID: 002BB003 FPB
T0B50 19920:984.725   CPU_ReadMem(32 bytes @ 0xE0000FE0)
T0B50 19920:985.372   ROMTbl[0][3]: E0000000, CID: B105E00D, PID: 002BB001 ITM
T0B50 19920:985.390   CPU_ReadMem(32 bytes @ 0xE0040FE0)
T0B50 19920:986.049   ROMTbl[0][4]: E0040000, CID: B105900D, PID: 002BB923 TPIU-Lite
T0B50 19920:986.074   JLINK_Reset()
T0B50 19920:986.526     CPU_ReadMem(16 bytes @ 0x20000000)
T0B50 19920:987.206     CPU_WriteMem(16 bytes @ 0x20000000)
T0B50 19920:987.730     CPU_ReadMem(4 bytes @ 0xE000EDFC)
T0B50 19920:988.200     CPU_WriteMem(4 bytes @ 0xE000EDFC)
T0B50 19920:988.671     CPU_ReadMem(4 bytes @ 0xE0001000)
T0B50 19921:005.199     CPU_WriteMem(4 bytes @ 0xE000ED0C)
T0B50 19921:005.712     CPU_ReadMem(4 bytes @ 0xE000EDF0)
T0B50 19921:006.481     CPU_ReadMem(4 bytes @ 0xE000EDF0)
T0B50 19921:007.198     CPU_WriteMem(4 bytes @ 0xE000EDFC)
T0B50 19921:007.854     CPU_WriteMem(16 bytes @ 0x20000000)
T0B50 19921:012.100     CPU_WriteMem(4 bytes @ 0xE0002000)
T0B50 19921:012.747     CPU_ReadMem(4 bytes @ 0xE000EDFC)
T0B50 19921:013.487     CPU_ReadMem(4 bytes @ 0xE0001000)
T0B50 19921:014.123   - 28.070ms
T0B50 19921:014.155   JLINK_Go()
T0B50 19921:014.170     CPU_ReadMem(4 bytes @ 0xE0001000)
T0B50 19921:014.744     CPU_WriteMem(4 bytes @ 0xE0001004)
T0B50 19921:015.718   - 1.576ms
T0B50 19921:015.737 - 54.060ms
T0B50 19921:028.179 JLINK_Close()
T0B50 19921:044.322 - 16.169ms
T0B50 19921:044.356   
T0B50 19921:044.368   Closed
