T15E8 7622:556.980   SEGGER J-Link V7.52a Log File
T15E8 7622:557.129   DLL Compiled: Jul 28 2021 11:08:12
T15E8 7622:557.171   Logging started @ 2025-05-21 21:12
T15E8 7622:557.207 - 257408.389ms
T15E8 7623:833.065 JLINK_EMU_SelectByUSBSN(SerialNo = 28011418)
T15E8 7623:834.723 - 1.690ms returns 0x00
T15E8 7623:834.814 JLINK_OpenEx(...)
T15E8 7623:836.355   Firmware: J-Link ARM V8 compiled Aug 26 2015 15:08:21
T15E8 7623:836.856   Firmware: J-Link ARM V8 compiled Aug 26 2015 15:08:21
T15E8 7623:839.323   Hardware: V8.00
T15E8 7623:839.387   S/N: 28011418
T15E8 7623:839.417   OEM: SAM-ICE
T15E8 7623:839.446   Feature(s): RDI
T15E8 7623:840.543   TELNET listener socket opened on port 19021
T15E8 7623:840.909   WEBSRV Starting webserver
T15E8 7623:841.217   WEBSRV Webserver running on local port 19080
T15E8 7623:847.992 - 13.196ms returns "O.K."
T15E8 7623:848.037 JLINK_GetFirmwareString(...)
T15E8 7623:848.046 - 0.012ms
T15E8 7623:848.062 JLINK_GetHardwareVersion()
T15E8 7623:848.070 - 0.010ms returns 80000
T15E8 7623:848.733 JLINK_GetDLLVersion()
T15E8 7623:848.757 - 0.028ms returns 75201
T15E8 7624:000.320 JLINK_Close()
T15E8 7624:017.726 - 17.426ms
T15E8 7624:017.751   
T15E8 7624:017.759   Closed
