T42F8 13350:695.216   SEGGER J-Link V7.52a Log File
T42F8 13350:695.303   DLL Compiled: Jul 28 2021 11:08:12
T42F8 13350:695.328   Logging started @ 2025-05-07 00:13
T42F8 13350:695.350 - 229437.795ms
T42F8 13350:698.897 JLINK_ExecCommand("Device = AT91SAM3S1B", ...). 
T42F8 13350:699.134   Device "ATSAM3S1B" selected.
T42F8 13350:699.467 - 0.532ms returns 0x00
T42F8 13350:718.158 JLINK_TIF_Select(JLINKARM_TIF_JTAG)
T42F8 13350:722.681 - 4.555ms returns 0x00
T42F8 13350:722.738 JLINK_ConfigJTAG(IRPre = 0, DRPre = 0)
T42F8 13350:722.788 - 0.062ms
T42F8 13350:722.814 JLINK_SetSpeed(4000)
T42F8 13350:723.438 - 0.646ms
T42F8 13350:723.475 JLINK_ResetPullsRESET(OFF)
T42F8 13350:723.495 - 0.029ms
T42F8 13350:723.517 JLINK_Connect()
T42F8 13350:726.823   TotalIRLen = 4, IRPrint = 0x01
T42F8 13350:728.478   JTAG chain detection found 1 devices:
T42F8 13350:728.502    #0 Id: 0x4BA00477, IRLen: 04, CoreSight JTAG-DP
T42F8 13350:741.708   Old FW that does not support reading DPIDR via DAP jobs
T42F8 13350:753.595   DPv0 detected
T42F8 13350:753.646   Scanning AP map to find all available APs
T42F8 13350:762.626   AP[1]: Stopped AP scan as end of AP map has been reached
T42F8 13350:762.664   AP[0]: AHB-AP (IDR: 0x24770011)
T42F8 13350:762.710   Iterating through AP map to find AHB-AP to use
T42F8 13350:777.838   AP[0]: Core found
T42F8 13350:777.869   AP[0]: AHB-AP ROM base: 0xE00FF000
T42F8 13350:785.530   CPUID register: 0x412FC230. Implementer code: 0x41 (ARM)
T42F8 13350:785.675   Found Cortex-M3 r2p0, Little endian.
T42F8 13350:787.406   -- Max. mem block: 0x000023B8
T42F8 13350:788.111   CPU_ReadMem(4 bytes @ 0xE000EDF0)
T42F8 13350:791.694   CPU_WriteMem(4 bytes @ 0xE000EDF0)
T42F8 13350:792.668   CPU_ReadMem(4 bytes @ 0xE0002000)
T42F8 13350:793.579   FPUnit: 6 code (BP) slots and 2 literal slots
T42F8 13350:793.599   CPU_ReadMem(4 bytes @ 0xE000EDFC)
T42F8 13350:794.834   CPU_WriteMem(4 bytes @ 0xE000EDFC)
T42F8 13350:795.577   CPU_ReadMem(4 bytes @ 0xE0001000)
T42F8 13350:796.356   CPU_WriteMem(4 bytes @ 0xE0001000)
T42F8 13350:797.060   CPU_ReadMem(4 bytes @ 0xE000ED88)
T42F8 13350:797.891   CPU_WriteMem(4 bytes @ 0xE000ED88)
T42F8 13350:798.538   CPU_ReadMem(4 bytes @ 0xE000ED88)
T42F8 13350:799.348   CPU_WriteMem(4 bytes @ 0xE000ED88)
T42F8 13350:800.066   CoreSight components:
T42F8 13350:800.105   ROMTbl[0] @ E00FF000
T42F8 13350:800.119   CPU_ReadMem(64 bytes @ 0xE00FF000)
T42F8 13350:801.191   CPU_ReadMem(32 bytes @ 0xE000EFE0)
T42F8 13350:802.395   ROMTbl[0][0]: E000E000, CID: B105E00D, PID: 002BB000 SCS
T42F8 13350:802.428   CPU_ReadMem(32 bytes @ 0xE0001FE0)
T42F8 13350:803.740   ROMTbl[0][1]: E0001000, CID: B105E00D, PID: 002BB002 DWT
T42F8 13350:803.757   CPU_ReadMem(32 bytes @ 0xE0002FE0)
T42F8 13350:805.092   ROMTbl[0][2]: E0002000, CID: B105E00D, PID: 002BB003 FPB
T42F8 13350:805.109   CPU_ReadMem(32 bytes @ 0xE0000FE0)
T42F8 13350:806.386   ROMTbl[0][3]: E0000000, CID: B105E00D, PID: 002BB001 ITM
T42F8 13350:806.403   CPU_ReadMem(32 bytes @ 0xE0040FE0)
T42F8 13350:807.743   ROMTbl[0][4]: E0040000, CID: B105900D, PID: 002BB923 TPIU-Lite
T42F8 13350:807.763 - 84.250ms returns 0x00
T42F8 13350:807.842 JLINK_Halt()
T42F8 13350:811.771 - 3.937ms returns 0x00
T42F8 13350:811.874 JLINK_BeginDownload(Flags = 0x00000000)
T42F8 13350:811.884 - 0.018ms
T42F8 13350:811.934 JLINK_WriteMem(0x400E0A04, 0x4 Bytes, ...)
T42F8 13350:811.943   Data:  0B 01 00 5A
T42F8 13350:812.785   CPU_WriteMem(4 bytes @ 0x400E0A04)
T42F8 13350:813.922 - 1.996ms returns 0x4
T42F8 13350:813.964 JLINK_EndDownload()
T42F8 13350:813.990 - 0.030ms returns 0 (0x0)
T42F8 13350:814.001 JLINK_ReadMemHW(0x400E0A08, 0x0004 Bytes, ...)
T42F8 13350:814.012   CPU_ReadMem(4 bytes @ 0x400E0A08)
T42F8 13350:815.301   Data:  01 00 00 00
T42F8 13350:815.318 - 1.321ms returns 0
T42F8 13350:815.357 JLINK_SetResetType(JLINKARM_CM3_RESET_TYPE_NORMAL)
T42F8 13350:815.366 - 0.012ms returns JLINKARM_CM3_RESET_TYPE_NORMAL
T42F8 13350:815.375 JLINK_Reset()
T42F8 13350:816.444   CPU_ReadMem(16 bytes @ 0x20000000)
T42F8 13350:817.423   CPU_WriteMem(16 bytes @ 0x20000000)
T42F8 13350:818.659   CPU_ReadMem(4 bytes @ 0xE000EDFC)
T42F8 13350:819.359   CPU_WriteMem(4 bytes @ 0xE000EDFC)
T42F8 13350:820.191   CPU_ReadMem(4 bytes @ 0xE0001000)
T42F8 13351:035.966   AT91SAM3 / AT91SAM4 reset: Core did not halt after reset. Halting core...
T42F8 13351:039.762   CPU_WriteMem(4 bytes @ 0xE000ED0C)
T42F8 13351:040.486   CPU_ReadMem(4 bytes @ 0xE000EDF0)
T42F8 13351:041.314   CPU_ReadMem(4 bytes @ 0xE000EDF0)
T42F8 13351:042.086   CPU_WriteMem(4 bytes @ 0xE000EDFC)
T42F8 13351:042.752   CPU_WriteMem(16 bytes @ 0x20000000)
T42F8 13351:047.317   CPU_WriteMem(4 bytes @ 0xE0002000)
T42F8 13351:048.101   CPU_ReadMem(4 bytes @ 0xE000EDFC)
T42F8 13351:048.854   CPU_ReadMem(4 bytes @ 0xE0001000)
T42F8 13351:049.647 - 234.279ms
T42F8 13351:050.733 JLINK_JTAG_GetDeviceID(DeviceIndex = 0)
T42F8 13351:050.749 - 0.020ms returns 1268778103
T42F8 13351:050.760 JLINK_ReadMemU32(0x400E0740, 0x1 Items)
T42F8 13351:050.777   CPU_ReadMem(4 bytes @ 0x400E0740)
T42F8 13351:051.541   Data:  61 05 99 28
T42F8 13351:051.558 - 0.801ms returns 1 (0x1)
T42F8 13351:051.604 JLINK_ReadMemU32(0x400E0744, 0x1 Items)
T42F8 13351:051.618   CPU_ReadMem(4 bytes @ 0x400E0744)
T42F8 13351:052.860   Data:  00 00 00 00
T42F8 13351:052.876 - 1.276ms returns 1 (0x1)
T42F8 13351:052.935 JLINK_BeginDownload(Flags = 0x00000000)
T42F8 13351:052.945 - 0.014ms
T42F8 13351:052.989 JLINK_WriteMem(0x400E0A04, 0x4 Bytes, ...)
T42F8 13351:052.999   Data:  05 00 00 5A
T42F8 13351:053.017   CPU_WriteMem(4 bytes @ 0x400E0A04)
T42F8 13351:054.125 - 1.144ms returns 0x4
T42F8 13351:054.164 JLINK_EndDownload()
T42F8 13351:054.175 - 0.015ms returns 0 (0x0)
T42F8 13351:054.185 JLINK_ReadMemHW(0x400E0A08, 0x0004 Bytes, ...)
T42F8 13351:054.195   CPU_ReadMem(4 bytes @ 0x400E0A08)
T42F8 13351:054.959   Data:  00 00 00 00
T42F8 13351:054.976 - 0.794ms returns 0
T42F8 13351:057.284 JLINK_ReadMemHW(0x400E0A08, 0x0004 Bytes, ...)
T42F8 13351:057.303   CPU_ReadMem(4 bytes @ 0x400E0A08)
T42F8 13351:058.577   Data:  00 00 00 00
T42F8 13351:058.593 - 1.313ms returns 0
T27F8 13351:061.278 JLINK_IsHalted()
T27F8 13351:061.293 - 0.019ms returns TRUE
T27F8 13351:061.314 JLINK_GetMOEs(...)
T27F8 13351:061.324   CPU_ReadMem(4 bytes @ 0xE000ED30)
T27F8 13351:062.058 - 0.763ms returns 0x01
T27F8 13351:062.077 JLINK_ReadReg(R15 (PC))
T27F8 13351:062.088 - 0.015ms returns 0x004005B4
T42F8 13351:063.244 JLINK_ReadMemHW(0x400E0A08, 0x0004 Bytes, ...)
T42F8 13351:063.285   CPU_ReadMem(4 bytes @ 0x400E0A08)
T42F8 13351:064.560   Data:  01 00 00 00
T42F8 13351:064.577 - 1.336ms returns 0
T27F8 13351:262.236 JLINK_IsHalted()
T27F8 13351:262.264 - 0.033ms returns TRUE
T42F8 13351:262.900 JLINK_ResetPullsRESET(ON)
T42F8 13351:262.916 - 0.020ms
T42F8 13351:262.927 JLINK_ResetNoHalt()
T42F8 13351:265.721   TotalIRLen = 4, IRPrint = 0x01
T42F8 13351:267.265   JTAG chain detection found 1 devices:
T42F8 13351:267.302    #0 Id: 0x4BA00477, IRLen: 04, CoreSight JTAG-DP
T42F8 13351:279.270   Old FW that does not support reading DPIDR via DAP jobs
T42F8 13351:290.624   DPv0 detected
T42F8 13351:290.650   AP map detection skipped. Manually configured AP map found.
T42F8 13351:290.669   AP[0]: AHB-AP (IDR: Not set)
T42F8 13351:305.728   AP[0]: Core found
T42F8 13351:305.753   AP[0]: AHB-AP ROM base: 0xE00FF000
T42F8 13351:313.342   CPUID register: 0x412FC230. Implementer code: 0x41 (ARM)
T42F8 13351:313.369   Found Cortex-M3 r2p0, Little endian.
T42F8 13351:313.980   -- Max. mem block: 0x00001F48
T42F8 13351:314.001   CPU_ReadMem(4 bytes @ 0xE000EDF0)
T42F8 13351:315.023   CPU_ReadMem(4 bytes @ 0xE0002000)
T42F8 13351:315.813   FPUnit: 6 code (BP) slots and 2 literal slots
T42F8 13351:315.831   CPU_ReadMem(4 bytes @ 0xE000EDFC)
T42F8 13351:317.125   CPU_ReadMem(4 bytes @ 0xE0001000)
T42F8 13351:318.437   CPU_ReadMem(4 bytes @ 0xE000ED88)
T42F8 13351:319.239   CPU_WriteMem(4 bytes @ 0xE000ED88)
T42F8 13351:320.469   CPU_ReadMem(4 bytes @ 0xE000ED88)
T42F8 13351:321.326   CPU_WriteMem(4 bytes @ 0xE000ED88)
T42F8 13351:322.557   CoreSight components:
T42F8 13351:322.582   ROMTbl[0] @ E00FF000
T42F8 13351:322.596   CPU_ReadMem(64 bytes @ 0xE00FF000)
T42F8 13351:324.084   CPU_ReadMem(32 bytes @ 0xE000EFE0)
T42F8 13351:325.482   ROMTbl[0][0]: E000E000, CID: B105E00D, PID: 002BB000 SCS
T42F8 13351:325.499   CPU_WriteMem(4 bytes @ 0xE0001000)
T42F8 13351:326.613   CPU_ReadMem(32 bytes @ 0xE0001FE0)
T42F8 13351:328.139   ROMTbl[0][1]: E0001000, CID: B105E00D, PID: 002BB002 DWT
T42F8 13351:328.160   CPU_ReadMem(32 bytes @ 0xE0002FE0)
T42F8 13351:329.547   ROMTbl[0][2]: E0002000, CID: B105E00D, PID: 002BB003 FPB
T42F8 13351:329.567   CPU_ReadMem(32 bytes @ 0xE0000FE0)
T42F8 13351:330.872   ROMTbl[0][3]: E0000000, CID: B105E00D, PID: 002BB001 ITM
T42F8 13351:330.894   CPU_ReadMem(32 bytes @ 0xE0040FE0)
T42F8 13351:332.162   ROMTbl[0][4]: E0040000, CID: B105900D, PID: 002BB923 TPIU-Lite
T42F8 13351:332.190   JLINK_Reset()
T42F8 13351:332.825     CPU_ReadMem(16 bytes @ 0x20000000)
T42F8 13351:334.056     CPU_WriteMem(16 bytes @ 0x20000000)
T42F8 13351:335.326     CPU_ReadMem(4 bytes @ 0xE000EDFC)
T42F8 13351:336.636     CPU_WriteMem(4 bytes @ 0xE000EDFC)
T42F8 13351:337.906     CPU_ReadMem(4 bytes @ 0xE0001000)
T42F8 13351:338.713     CPU_WriteMem(4 bytes @ 0xE0001004)
T42F8 13351:358.113     CPU_WriteMem(4 bytes @ 0xE000ED0C)
T42F8 13351:359.150     CPU_ReadMem(4 bytes @ 0xE000EDF0)
T42F8 13351:360.530     CPU_ReadMem(4 bytes @ 0xE000EDF0)
T42F8 13351:361.942     CPU_WriteMem(4 bytes @ 0xE000EDFC)
T42F8 13351:363.228     CPU_WriteMem(16 bytes @ 0x20000000)
T42F8 13351:369.641     CPU_WriteMem(4 bytes @ 0xE0002000)
T42F8 13351:370.785     CPU_ReadMem(4 bytes @ 0xE000EDFC)
T42F8 13351:372.175     CPU_ReadMem(4 bytes @ 0xE0001000)
T42F8 13351:373.529   - 41.372ms
T42F8 13351:373.580   JLINK_Go()
T42F8 13351:373.606     CPU_ReadMem(4 bytes @ 0xE0001000)
T42F8 13351:374.659     CPU_WriteMem(4 bytes @ 0xE0001004)
T42F8 13351:377.432   - 3.884ms
T42F8 13351:377.476 - 114.557ms
T42F8 13351:377.894 JLINK_TIF_Select(JLINKARM_TIF_JTAG)
T42F8 13351:377.924 - 0.039ms returns 0x00
T42F8 13351:377.947 JLINK_ConfigJTAG(IRPre = 0, DRPre = 0)
T42F8 13351:377.963 - 0.023ms
T42F8 13351:377.983 JLINK_SetSpeed(4000)
T42F8 13351:378.922 - 0.973ms
T42F8 13351:378.977 JLINK_ResetPullsRESET(OFF)
T42F8 13351:378.994 - 0.024ms
T42F8 13351:379.013 JLINK_Connect()
T42F8 13351:382.000   TotalIRLen = 4, IRPrint = 0x01
T42F8 13351:384.662   JTAG chain detection found 1 devices:
T42F8 13351:384.730    #0 Id: 0x4BA00477, IRLen: 04, CoreSight JTAG-DP
T42F8 13351:396.980   Old FW that does not support reading DPIDR via DAP jobs
T42F8 13351:408.379   DPv0 detected
T42F8 13351:408.408   AP map detection skipped. Manually configured AP map found.
T42F8 13351:408.428   AP[0]: AHB-AP (IDR: Not set)
T42F8 13351:423.511   AP[0]: Core found
T42F8 13351:423.537   AP[0]: AHB-AP ROM base: 0xE00FF000
T42F8 13351:431.658   CPUID register: 0x412FC230. Implementer code: 0x41 (ARM)
T42F8 13351:431.689   Found Cortex-M3 r2p0, Little endian.
T42F8 13351:432.264   -- Max. mem block: 0x00001F48
T42F8 13351:432.285   CPU_ReadMem(4 bytes @ 0xE000EDF0)
T42F8 13351:433.346   CPU_ReadMem(4 bytes @ 0xE0002000)
T42F8 13351:434.139   FPUnit: 6 code (BP) slots and 2 literal slots
T42F8 13351:434.155   CPU_ReadMem(4 bytes @ 0xE000EDFC)
T42F8 13351:435.431   CPU_ReadMem(4 bytes @ 0xE0001000)
T42F8 13351:436.228   CPU_WriteMem(4 bytes @ 0xE0001000)
T42F8 13351:437.449   CPU_ReadMem(4 bytes @ 0xE000ED88)
T42F8 13351:438.315   CPU_WriteMem(4 bytes @ 0xE000ED88)
T42F8 13351:439.490   CPU_ReadMem(4 bytes @ 0xE000ED88)
T42F8 13351:440.397   CPU_WriteMem(4 bytes @ 0xE000ED88)
T42F8 13351:441.591   CoreSight components:
T42F8 13351:441.614   ROMTbl[0] @ E00FF000
T42F8 13351:441.627   CPU_ReadMem(64 bytes @ 0xE00FF000)
T42F8 13351:443.128   CPU_ReadMem(32 bytes @ 0xE000EFE0)
T42F8 13351:444.568   ROMTbl[0][0]: E000E000, CID: B105E00D, PID: 002BB000 SCS
T42F8 13351:444.586   CPU_ReadMem(32 bytes @ 0xE0001FE0)
T42F8 13351:445.877   ROMTbl[0][1]: E0001000, CID: B105E00D, PID: 002BB002 DWT
T42F8 13351:445.897   CPU_ReadMem(32 bytes @ 0xE0002FE0)
T42F8 13351:447.338   ROMTbl[0][2]: E0002000, CID: B105E00D, PID: 002BB003 FPB
T42F8 13351:447.358   CPU_ReadMem(32 bytes @ 0xE0000FE0)
T42F8 13351:448.538   ROMTbl[0][3]: E0000000, CID: B105E00D, PID: 002BB001 ITM
T42F8 13351:448.558   CPU_ReadMem(32 bytes @ 0xE0040FE0)
T42F8 13351:449.912   ROMTbl[0][4]: E0040000, CID: B105900D, PID: 002BB923 TPIU-Lite
T42F8 13351:449.960 - 70.951ms returns 0x00
T42F8 13351:450.021 JLINK_Halt()
T42F8 13351:454.706 - 4.704ms returns 0x00
T42F8 13351:454.856 JLINK_BeginDownload(Flags = 0x00000000)
T42F8 13351:454.868 - 0.016ms
T42F8 13351:454.892 JLINK_WriteMem(0x400E0A04, 0x4 Bytes, ...)
T42F8 13351:454.901   Data:  0B 01 00 5A
T42F8 13351:455.666   CPU_WriteMem(4 bytes @ 0x400E0A04)
T42F8 13351:456.781 - 1.918ms returns 0x4
T42F8 13351:456.866 JLINK_EndDownload()
T42F8 13351:456.880 - 0.018ms returns 0 (0x0)
T42F8 13351:456.891 JLINK_ReadMemHW(0x400E0A08, 0x0004 Bytes, ...)
T42F8 13351:456.906   CPU_ReadMem(4 bytes @ 0x400E0A08)
T42F8 13351:458.189   Data:  01 00 00 00
T42F8 13351:458.218 - 1.331ms returns 0
T42F8 13351:458.278 JLINK_SetResetType(JLINKARM_CM3_RESET_TYPE_NORMAL)
T42F8 13351:458.288 - 0.014ms returns JLINKARM_CM3_RESET_TYPE_NORMAL
T42F8 13351:458.299 JLINK_Reset()
T42F8 13351:458.317   CPU_ReadMem(16 bytes @ 0x20000000)
T42F8 13351:459.551   CPU_WriteMem(16 bytes @ 0x20000000)
T42F8 13351:460.847   CPU_ReadMem(4 bytes @ 0xE000EDFC)
T42F8 13351:462.141   CPU_WriteMem(4 bytes @ 0xE000EDFC)
T42F8 13351:463.427   CPU_ReadMem(4 bytes @ 0xE0001000)
T42F8 13351:483.193   CPU_WriteMem(4 bytes @ 0xE000ED0C)
T42F8 13351:484.445   CPU_ReadMem(4 bytes @ 0xE000EDF0)
T42F8 13351:485.786   CPU_ReadMem(4 bytes @ 0xE000EDF0)
T42F8 13351:487.080   CPU_WriteMem(4 bytes @ 0xE000EDFC)
T42F8 13351:488.371   CPU_WriteMem(16 bytes @ 0x20000000)
T42F8 13351:494.754   CPU_WriteMem(4 bytes @ 0xE0002000)
T42F8 13351:495.767   CPU_ReadMem(4 bytes @ 0xE000EDFC)
T42F8 13351:497.096   CPU_ReadMem(4 bytes @ 0xE0001000)
T42F8 13351:498.536 - 40.270ms
T42F8 13351:500.652 JLINK_JTAG_GetDeviceID(DeviceIndex = 0)
T42F8 13351:500.684 - 0.040ms returns 1268778103
T42F8 13351:500.706 JLINK_ReadMemU32(0x400E0740, 0x1 Items)
T42F8 13351:500.742   CPU_ReadMem(4 bytes @ 0x400E0740)
T42F8 13351:501.914   Data:  61 05 99 28
T42F8 13351:501.950 - 1.251ms returns 1 (0x1)
T42F8 13351:502.014 JLINK_ReadMemU32(0x400E0744, 0x1 Items)
T42F8 13351:502.044   CPU_ReadMem(4 bytes @ 0x400E0744)
T42F8 13351:503.287   Data:  00 00 00 00
T42F8 13351:503.322 - 1.316ms returns 1 (0x1)
T1028 13351:508.659 JLINK_IsHalted()
T1028 13351:508.704 - 0.064ms returns TRUE
T1028 13351:508.732 JLINK_GetMOEs(...)
T1028 13351:508.760   CPU_ReadMem(4 bytes @ 0xE000ED30)
T1028 13351:509.602 - 0.880ms returns 0x01
T1028 13351:509.624 JLINK_ReadReg(R15 (PC))
T1028 13351:509.636 - 0.016ms returns 0xFFFFFFFE
T42F8 13351:513.010 JLINK_BeginDownload(Flags = 0x00000000)
T42F8 13351:513.034 - 0.028ms
T42F8 13351:513.055 JLINK_WriteMem(0x00400000, 0xACC Bytes, ...)
T42F8 13351:513.065   Data:  E0 25 00 20 B5 05 40 00 B1 05 40 00 B1 05 40 00 ...
T42F8 13351:513.302   completely In flash
T42F8 13351:513.327    -- Read from flash cache (2764 bytes @ 0x00400000)
T42F8 13351:513.340 - 0.288ms returns 0xACC
T42F8 13351:513.526 JLINK_WriteMem(0x00400ACC, 0x51C Bytes, ...)
T42F8 13351:513.538   Data:  4F F4 40 72 1F 4B 1A 60 A3 F5 C0 63 1B 6A 13 F0 ...
T42F8 13351:513.553   completely In flash
T42F8 13351:513.568    -- Read from flash cache (1308 bytes @ 0x00400ACC)
T42F8 13351:513.581 - 0.059ms returns 0x51C
T1028 13351:709.935 JLINK_IsHalted()
T1028 13351:709.982 - 0.056ms returns TRUE
T42F8 13351:711.100 JLINK_EndDownload()
T42F8 13351:711.762   Old firmware which does not support pausing periodic actions during flash download
T42F8 13351:711.808   CPU_ReadMem(4 bytes @ 0xE000ED90)
T42F8 13351:712.883   CPU_ReadMem(4 bytes @ 0xE000ED94)
T42F8 13351:714.365    -- --------------------------------------
T42F8 13351:714.417   Flash bank @ 0x00400000: Default: L2 verify disabled because algorithm performs L1 verify
T42F8 13351:714.440    -- Start of determining dirty areas in flash cache
T42F8 13351:714.518    -- End of determining dirty areas
T42F8 13351:714.543    -- Start of preparing flash programming
T42F8 13351:714.569    -- Calculating RAM usage
T42F8 13351:714.597    -- RAM usage = 2692 Bytes
T42F8 13351:714.620    -- Preserving CPU registers
T42F8 13351:714.670    -- Preparing memory
T42F8 13351:714.694    -- Preparing target
T42F8 13351:720.174    -- Preserving target RAM temporarily used for programming
T42F8 13351:737.117    -- Downloading RAMCode
T42F8 13351:759.454    -- Preparing RAMCode
T42F8 13351:770.970    -- Checking target RAM
T42F8 13351:775.792    -- End of preparing flash programming
T42F8 13351:776.125   Looking for J-Link GUI Server exe at: C:\Program Files (x86)\Atmel\Studio\7.0\atbackend\JLinkGUIServer.exe
T42F8 13351:776.304   Looking for J-Link GUI Server exe at: \JLinkGUIServer.exe
T42F8 13352:076.867   Failed to connect to J-Link GUI Server.
T42F8 13352:084.310    -- CPU speed could not be measured.
T42F8 13352:084.336    -- Start of comparing flash
T42F8 13352:084.349    -- CRC check was estimated as fastest method
T42F8 13352:084.364    -- Comparing range 0x400000 - 0x400FFF (16 Sectors, 4 KiB), using multi-block CRC calculation
T42F8 13352:094.875    -- CRC does not match for sectors 0-15
T42F8 13352:094.901    -- End of comparing flash
T42F8 13352:094.913    -- Start of erasing sectors
T42F8 13352:094.924    -- End of erasing sectors
T42F8 13352:094.935    -- Start of flash programming
T42F8 13352:094.949    -- Programming range 0x00400000 - 0x00400FFF ( 16 Sectors, 4 KB)
T42F8 13352:143.159    -- End of flash programming
T42F8 13352:143.183    -- 0x400000 - 0x400FFF ( 16 Sectors, 4 KoB)
T42F8 13352:143.195    -- Start of restoring
T42F8 13352:143.207    -- Restoring RAMCode
T42F8 13352:162.211    -- Restoring target memory
T42F8 13352:185.526    -- Restore target
T42F8 13352:185.581    -- Restore memory
T42F8 13352:185.605    -- Restoring CPU registers
T42F8 13352:185.652    -- End of restoring
T42F8 13352:185.740    -- Bank 0 @ 0x00400000: 1 range affected (4096 bytes)
T42F8 13352:185.801    -- Total: 0.471s (Prepare: 0.369s, Compare: 0.010s, Erase: 0.000s, Program & Verify: 0.061s, Restore: 0.029s)
T42F8 13352:185.844    -- Program & Verify speed: 65 KiB/s
T42F8 13352:188.895 - 477.828ms returns 4096 (0x1000)
T42F8 13352:189.020 JLINK_ResetPullsRESET(ON)
T42F8 13352:189.041 - 0.029ms
T42F8 13352:189.065 JLINK_ResetNoHalt()
T42F8 13352:192.375   TotalIRLen = 4, IRPrint = 0x01
T42F8 13352:193.997   JTAG chain detection found 1 devices:
T42F8 13352:194.068    #0 Id: 0x4BA00477, IRLen: 04, CoreSight JTAG-DP
T42F8 13352:206.947   Old FW that does not support reading DPIDR via DAP jobs
T42F8 13352:218.383   DPv0 detected
T42F8 13352:218.429   AP map detection skipped. Manually configured AP map found.
T42F8 13352:218.449   AP[0]: AHB-AP (IDR: Not set)
T42F8 13352:233.471   AP[0]: Core found
T42F8 13352:233.507   AP[0]: AHB-AP ROM base: 0xE00FF000
T42F8 13352:241.014   CPUID register: 0x412FC230. Implementer code: 0x41 (ARM)
T42F8 13352:241.048   Found Cortex-M3 r2p0, Little endian.
T42F8 13352:241.661   -- Max. mem block: 0x00001F48
T42F8 13352:241.681   CPU_ReadMem(4 bytes @ 0xE000EDF0)
T42F8 13352:242.663   CPU_ReadMem(4 bytes @ 0xE0002000)
T42F8 13352:243.496   FPUnit: 6 code (BP) slots and 2 literal slots
T42F8 13352:243.511   CPU_ReadMem(4 bytes @ 0xE000EDFC)
T42F8 13352:244.794   CPU_ReadMem(4 bytes @ 0xE0001000)
T42F8 13352:245.584   CPU_ReadMem(4 bytes @ 0xE000ED88)
T42F8 13352:246.791   CPU_WriteMem(4 bytes @ 0xE000ED88)
T42F8 13352:247.528   CPU_ReadMem(4 bytes @ 0xE000ED88)
T42F8 13352:248.343   CPU_WriteMem(4 bytes @ 0xE000ED88)
T42F8 13352:249.065   CoreSight components:
T42F8 13352:249.103   ROMTbl[0] @ E00FF000
T42F8 13352:249.116   CPU_ReadMem(64 bytes @ 0xE00FF000)
T42F8 13352:250.581   CPU_ReadMem(32 bytes @ 0xE000EFE0)
T42F8 13352:252.011   ROMTbl[0][0]: E000E000, CID: B105E00D, PID: 002BB000 SCS
T42F8 13352:252.027   CPU_WriteMem(4 bytes @ 0xE0001000)
T42F8 13352:252.998   CPU_ReadMem(32 bytes @ 0xE0001FE0)
T42F8 13352:254.014   ROMTbl[0][1]: E0001000, CID: B105E00D, PID: 002BB002 DWT
T42F8 13352:254.043   CPU_ReadMem(32 bytes @ 0xE0002FE0)
T42F8 13352:255.526   ROMTbl[0][2]: E0002000, CID: B105E00D, PID: 002BB003 FPB
T42F8 13352:255.574   CPU_ReadMem(32 bytes @ 0xE0000FE0)
T42F8 13352:256.713   ROMTbl[0][3]: E0000000, CID: B105E00D, PID: 002BB001 ITM
T42F8 13352:256.740   CPU_ReadMem(32 bytes @ 0xE0040FE0)
T42F8 13352:258.049   ROMTbl[0][4]: E0040000, CID: B105900D, PID: 002BB923 TPIU-Lite
T42F8 13352:258.081   JLINK_Reset()
T42F8 13352:259.545     CPU_ReadMem(16 bytes @ 0x20000000)
T42F8 13352:260.814     CPU_WriteMem(16 bytes @ 0x20000000)
T42F8 13352:261.968     CPU_ReadMem(4 bytes @ 0xE000EDFC)
T42F8 13352:262.736     CPU_WriteMem(4 bytes @ 0xE000EDFC)
T42F8 13352:263.490     CPU_ReadMem(4 bytes @ 0xE0001000)
T42F8 13352:283.486     CPU_WriteMem(4 bytes @ 0xE000ED0C)
T42F8 13352:284.658     CPU_ReadMem(4 bytes @ 0xE000EDF0)
T42F8 13352:286.063     CPU_ReadMem(4 bytes @ 0xE000EDF0)
T42F8 13352:287.399     CPU_WriteMem(4 bytes @ 0xE000EDFC)
T42F8 13352:288.372     CPU_WriteMem(16 bytes @ 0x20000000)
T42F8 13352:294.097     CPU_WriteMem(4 bytes @ 0xE0002000)
T42F8 13352:295.447     CPU_ReadMem(4 bytes @ 0xE000EDFC)
T42F8 13352:296.802     CPU_ReadMem(4 bytes @ 0xE0001000)
T42F8 13352:298.079   - 40.014ms
T42F8 13352:298.109   JLINK_Go()
T42F8 13352:298.130     CPU_ReadMem(4 bytes @ 0xE0001000)
T42F8 13352:299.755     CPU_WriteMem(4 bytes @ 0xE0001004)
T42F8 13352:302.269   - 4.189ms
T42F8 13352:302.308 - 113.249ms
T42F8 13352:367.423 JLINK_Close()
T42F8 13352:394.531 - 27.127ms
T42F8 13352:394.556   
T42F8 13352:394.564   Closed
