T20E8 16320:842.602   SEGGER J-Link V7.52a Log File
T20E8 16320:842.707   DLL Compiled: Jul 28 2021 11:08:12
T20E8 16320:842.730   Logging started @ 2025-06-04 23:00
T20E8 16320:842.751 - 2581970.463ms
T20E8 16320:847.541 JLINK_ExecCommand("Device = AT91SAM3S1B", ...). 
T20E8 16320:847.762   Device "ATSAM3S1B" selected.
T20E8 16320:848.094 - 0.523ms returns 0x00
T20E8 16320:887.192 JLINK_TIF_Select(JLINKARM_TIF_JTAG)
T20E8 16320:888.323 - 1.156ms returns 0x00
T20E8 16320:888.364 JLINK_ConfigJTAG(IRPre = 0, DRPre = 0)
T20E8 16320:888.416 - 0.063ms
T20E8 16320:888.441 JLINK_SetSpeed(4000)
T20E8 16320:888.552 - 0.135ms
T20E8 16320:888.593 JLINK_ResetPullsRESET(OFF)
T20E8 16320:888.613 - 0.029ms
T20E8 16320:888.634 JLINK_Connect()
T20E8 16320:890.014   TotalIRLen = 4, IRPrint = 0x01
T20E8 16320:890.585   JTAG chain detection found 1 devices:
T20E8 16320:890.611    #0 Id: 0x4BA00477, IRLen: 04, CoreSight JTAG-DP
T20E8 16320:894.018   Old FW that does not support reading DPIDR via DAP jobs
T20E8 16320:897.661   DPv0 detected
T20E8 16320:897.718   Scanning AP map to find all available APs
T20E8 16320:900.540   AP[1]: Stopped AP scan as end of AP map has been reached
T20E8 16320:900.601   AP[0]: AHB-AP (IDR: 0x24770011)
T20E8 16320:900.632   Iterating through AP map to find AHB-AP to use
T20E8 16320:905.109   AP[0]: Core found
T20E8 16320:905.151   AP[0]: AHB-AP ROM base: 0xE00FF000
T20E8 16320:907.557   CPUID register: 0x412FC230. Implementer code: 0x41 (ARM)
T20E8 16320:907.626   Found Cortex-M3 r2p0, Little endian.
T20E8 16320:908.039   -- Max. mem block: 0x000023B8
T20E8 16320:908.189   CPU_ReadMem(4 bytes @ 0xE000EDF0)
T20E8 16320:911.780   CPU_WriteMem(4 bytes @ 0xE000EDF0)
T20E8 16320:912.285   CPU_ReadMem(4 bytes @ 0xE0002000)
T20E8 16320:912.861   FPUnit: 6 code (BP) slots and 2 literal slots
T20E8 16320:912.881   CPU_ReadMem(4 bytes @ 0xE000EDFC)
T20E8 16320:913.426   CPU_WriteMem(4 bytes @ 0xE000EDFC)
T20E8 16320:913.991   CPU_ReadMem(4 bytes @ 0xE0001000)
T20E8 16320:914.534   CPU_WriteMem(4 bytes @ 0xE0001000)
T20E8 16320:915.036   CPU_ReadMem(4 bytes @ 0xE000ED88)
T20E8 16320:915.591   CPU_WriteMem(4 bytes @ 0xE000ED88)
T20E8 16320:916.069   CPU_ReadMem(4 bytes @ 0xE000ED88)
T20E8 16320:916.597   CPU_WriteMem(4 bytes @ 0xE000ED88)
T20E8 16320:917.073   CoreSight components:
T20E8 16320:917.122   ROMTbl[0] @ E00FF000
T20E8 16320:917.142   CPU_ReadMem(64 bytes @ 0xE00FF000)
T20E8 16320:917.989   CPU_ReadMem(32 bytes @ 0xE000EFE0)
T20E8 16320:918.773   ROMTbl[0][0]: E000E000, CID: B105E00D, PID: 002BB000 SCS
T20E8 16320:918.805   CPU_ReadMem(32 bytes @ 0xE0001FE0)
T20E8 16320:919.497   ROMTbl[0][1]: E0001000, CID: B105E00D, PID: 002BB002 DWT
T20E8 16320:919.526   CPU_ReadMem(32 bytes @ 0xE0002FE0)
T20E8 16320:920.201   ROMTbl[0][2]: E0002000, CID: B105E00D, PID: 002BB003 FPB
T20E8 16320:920.228   CPU_ReadMem(32 bytes @ 0xE0000FE0)
T20E8 16320:920.929   ROMTbl[0][3]: E0000000, CID: B105E00D, PID: 002BB001 ITM
T20E8 16320:920.948   CPU_ReadMem(32 bytes @ 0xE0040FE0)
T20E8 16320:921.623   ROMTbl[0][4]: E0040000, CID: B105900D, PID: 002BB923 TPIU-Lite
T20E8 16320:921.646 - 33.016ms returns 0x00
T20E8 16320:921.732 JLINK_Halt()
T20E8 16320:924.987 - 3.282ms returns 0x00
T20E8 16320:925.177 JLINK_BeginDownload(Flags = 0x00000000)
T20E8 16320:925.189 - 0.015ms
T20E8 16320:925.214 JLINK_WriteMem(0x400E0A04, 0x4 Bytes, ...)
T20E8 16320:925.223   Data:  0B 01 00 5A
T20E8 16320:925.783   CPU_WriteMem(4 bytes @ 0x400E0A04)
T20E8 16320:926.217 - 1.012ms returns 0x4
T20E8 16320:926.273 JLINK_EndDownload()
T20E8 16320:926.284 - 0.014ms returns 0 (0x0)
T20E8 16320:926.294 JLINK_ReadMemHW(0x400E0A08, 0x0004 Bytes, ...)
T20E8 16320:926.305   CPU_ReadMem(4 bytes @ 0x400E0A08)
T20E8 16320:926.810   Data:  01 00 00 00
T20E8 16320:926.827 - 0.536ms returns 0
T20E8 16320:926.871 JLINK_SetResetType(JLINKARM_CM3_RESET_TYPE_NORMAL)
T20E8 16320:926.881 - 0.012ms returns JLINKARM_CM3_RESET_TYPE_NORMAL
T20E8 16320:926.890 JLINK_Reset()
T20E8 16320:927.250   CPU_ReadMem(16 bytes @ 0x20000000)
T20E8 16320:927.917   CPU_WriteMem(16 bytes @ 0x20000000)
T20E8 16320:928.438   CPU_ReadMem(4 bytes @ 0xE000EDFC)
T20E8 16320:928.984   CPU_WriteMem(4 bytes @ 0xE000EDFC)
T20E8 16320:929.401   CPU_ReadMem(4 bytes @ 0xE0001000)
T20E8 16321:141.694   AT91SAM3 / AT91SAM4 reset: Core did not halt after reset. Halting core...
T20E8 16321:144.930   CPU_WriteMem(4 bytes @ 0xE000ED0C)
T20E8 16321:145.316   CPU_ReadMem(4 bytes @ 0xE000EDF0)
T20E8 16321:145.771   CPU_ReadMem(4 bytes @ 0xE000EDF0)
T20E8 16321:146.223   CPU_WriteMem(4 bytes @ 0xE000EDFC)
T20E8 16321:146.645   CPU_WriteMem(16 bytes @ 0x20000000)
T20E8 16321:150.200   CPU_WriteMem(4 bytes @ 0xE0002000)
T20E8 16321:150.645   CPU_ReadMem(4 bytes @ 0xE000EDFC)
T20E8 16321:151.146   CPU_ReadMem(4 bytes @ 0xE0001000)
T20E8 16321:151.659 - 224.778ms
T20E8 16321:152.795 JLINK_JTAG_GetDeviceID(DeviceIndex = 0)
T20E8 16321:152.810 - 0.018ms returns 1268778103
T20E8 16321:152.821 JLINK_ReadMemU32(0x400E0740, 0x1 Items)
T20E8 16321:152.839   CPU_ReadMem(4 bytes @ 0x400E0740)
T20E8 16321:153.317   Data:  61 05 99 28
T20E8 16321:153.334 - 0.520ms returns 1 (0x1)
T20E8 16321:153.373 JLINK_ReadMemU32(0x400E0744, 0x1 Items)
T20E8 16321:153.386   CPU_ReadMem(4 bytes @ 0x400E0744)
T20E8 16321:153.852   Data:  00 00 00 00
T20E8 16321:153.868 - 0.499ms returns 1 (0x1)
T20E8 16321:153.972 JLINK_BeginDownload(Flags = 0x00000000)
T20E8 16321:153.985 - 0.017ms
T20E8 16321:154.012 JLINK_WriteMem(0x400E0A04, 0x4 Bytes, ...)
T20E8 16321:154.025   Data:  05 00 00 5A
T20E8 16321:154.046   CPU_WriteMem(4 bytes @ 0x400E0A04)
T20E8 16321:154.417 - 0.414ms returns 0x4
T20E8 16321:154.465 JLINK_EndDownload()
T20E8 16321:154.474 - 0.013ms returns 0 (0x0)
T20E8 16321:154.483 JLINK_ReadMemHW(0x400E0A08, 0x0004 Bytes, ...)
T20E8 16321:154.493   CPU_ReadMem(4 bytes @ 0x400E0A08)
T20E8 16321:155.007   Data:  00 00 00 00
T20E8 16321:155.023 - 0.544ms returns 0
T20E8 16321:157.440 JLINK_ReadMemHW(0x400E0A08, 0x0004 Bytes, ...)
T20E8 16321:157.459   CPU_ReadMem(4 bytes @ 0x400E0A08)
T20E8 16321:158.049   Data:  00 00 00 00
T20E8 16321:158.066 - 0.629ms returns 0
T20E8 16321:162.050 JLINK_ReadMemHW(0x400E0A08, 0x0004 Bytes, ...)
T20E8 16321:162.071   CPU_ReadMem(4 bytes @ 0x400E0A08)
T20E8 16321:162.620   Data:  00 00 00 00
T20E8 16321:162.637 - 0.591ms returns 0
T1E58 16321:163.060 JLINK_IsHalted()
T1E58 16321:163.077 - 0.031ms returns TRUE
T1E58 16321:163.088 JLINK_GetMOEs(...)
T1E58 16321:163.097   CPU_ReadMem(4 bytes @ 0xE000ED30)
T1E58 16321:163.695 - 0.616ms returns 0x01
T1E58 16321:163.715 JLINK_ReadReg(R15 (PC))
T1E58 16321:163.725 - 0.014ms returns 0x00400740
T20E8 16321:179.041 JLINK_ReadMemHW(0x400E0A08, 0x0004 Bytes, ...)
T20E8 16321:179.073   CPU_ReadMem(4 bytes @ 0x400E0A08)
T20E8 16321:179.684   Data:  01 00 00 00
T20E8 16321:179.701 - 0.664ms returns 0
T1E58 16321:363.098 JLINK_IsHalted()
T1E58 16321:363.134 - 0.040ms returns TRUE
T20E8 16321:363.844 JLINK_ResetPullsRESET(ON)
T20E8 16321:363.865 - 0.026ms
T20E8 16321:363.879 JLINK_ResetNoHalt()
T20E8 16321:365.190   TotalIRLen = 4, IRPrint = 0x01
T20E8 16321:365.852   JTAG chain detection found 1 devices:
T20E8 16321:365.879    #0 Id: 0x4BA00477, IRLen: 04, CoreSight JTAG-DP
T20E8 16321:370.705   Old FW that does not support reading DPIDR via DAP jobs
T20E8 16321:374.282   DPv0 detected
T20E8 16321:374.311   AP map detection skipped. Manually configured AP map found.
T20E8 16321:374.332   AP[0]: AHB-AP (IDR: Not set)
T20E8 16321:379.477   AP[0]: Core found
T20E8 16321:379.505   AP[0]: AHB-AP ROM base: 0xE00FF000
T20E8 16321:381.904   CPUID register: 0x412FC230. Implementer code: 0x41 (ARM)
T20E8 16321:381.929   Found Cortex-M3 r2p0, Little endian.
T20E8 16321:382.106   -- Max. mem block: 0x00001F48
T20E8 16321:382.128   CPU_ReadMem(4 bytes @ 0xE000EDF0)
T20E8 16321:382.659   CPU_ReadMem(4 bytes @ 0xE0002000)
T20E8 16321:383.111   FPUnit: 6 code (BP) slots and 2 literal slots
T20E8 16321:383.132   CPU_ReadMem(4 bytes @ 0xE000EDFC)
T20E8 16321:383.650   CPU_ReadMem(4 bytes @ 0xE0001000)
T20E8 16321:384.156   CPU_ReadMem(4 bytes @ 0xE000ED88)
T20E8 16321:384.666   CPU_WriteMem(4 bytes @ 0xE000ED88)
T20E8 16321:385.041   CPU_ReadMem(4 bytes @ 0xE000ED88)
T20E8 16321:385.490   CPU_WriteMem(4 bytes @ 0xE000ED88)
T20E8 16321:385.964   CoreSight components:
T20E8 16321:385.988   ROMTbl[0] @ E00FF000
T20E8 16321:386.001   CPU_ReadMem(64 bytes @ 0xE00FF000)
T20E8 16321:387.122   CPU_ReadMem(32 bytes @ 0xE000EFE0)
T20E8 16321:387.776   ROMTbl[0][0]: E000E000, CID: B105E00D, PID: 002BB000 SCS
T20E8 16321:387.792   CPU_WriteMem(4 bytes @ 0xE0001000)
T20E8 16321:388.189   CPU_ReadMem(32 bytes @ 0xE0001FE0)
T20E8 16321:388.851   ROMTbl[0][1]: E0001000, CID: B105E00D, PID: 002BB002 DWT
T20E8 16321:388.868   CPU_ReadMem(32 bytes @ 0xE0002FE0)
T20E8 16321:389.526   ROMTbl[0][2]: E0002000, CID: B105E00D, PID: 002BB003 FPB
T20E8 16321:389.542   CPU_ReadMem(32 bytes @ 0xE0000FE0)
T20E8 16321:390.229   ROMTbl[0][3]: E0000000, CID: B105E00D, PID: 002BB001 ITM
T20E8 16321:390.246   CPU_ReadMem(32 bytes @ 0xE0040FE0)
T20E8 16321:390.953   ROMTbl[0][4]: E0040000, CID: B105900D, PID: 002BB923 TPIU-Lite
T20E8 16321:390.975   JLINK_Reset()
T20E8 16321:391.069     CPU_ReadMem(16 bytes @ 0x20000000)
T20E8 16321:391.693     CPU_WriteMem(16 bytes @ 0x20000000)
T20E8 16321:392.182     CPU_ReadMem(4 bytes @ 0xE000EDFC)
T20E8 16321:392.695     CPU_WriteMem(4 bytes @ 0xE000EDFC)
T20E8 16321:393.137     CPU_ReadMem(4 bytes @ 0xE0001000)
T20E8 16321:393.671     CPU_WriteMem(4 bytes @ 0xE0001004)
T20E8 16321:408.843     CPU_WriteMem(4 bytes @ 0xE000ED0C)
T20E8 16321:409.303     CPU_ReadMem(4 bytes @ 0xE000EDF0)
T20E8 16321:409.837     CPU_ReadMem(4 bytes @ 0xE000EDF0)
T20E8 16321:410.369     CPU_WriteMem(4 bytes @ 0xE000EDFC)
T20E8 16321:410.779     CPU_WriteMem(16 bytes @ 0x20000000)
T20E8 16321:414.355     CPU_WriteMem(4 bytes @ 0xE0002000)
T20E8 16321:414.741     CPU_ReadMem(4 bytes @ 0xE000EDFC)
T20E8 16321:415.290     CPU_ReadMem(4 bytes @ 0xE0001000)
T20E8 16321:415.810   - 24.845ms
T20E8 16321:415.829   JLINK_Go()
T20E8 16321:415.841     CPU_ReadMem(4 bytes @ 0xE0001000)
T20E8 16321:416.414     CPU_WriteMem(4 bytes @ 0xE0001004)
T20E8 16321:417.329   - 1.510ms
T20E8 16321:417.344 - 53.469ms
T20E8 16321:417.589 JLINK_TIF_Select(JLINKARM_TIF_JTAG)
T20E8 16321:417.605 - 0.022ms returns 0x00
T20E8 16321:417.620 JLINK_ConfigJTAG(IRPre = 0, DRPre = 0)
T20E8 16321:417.631 - 0.017ms
T20E8 16321:417.649 JLINK_SetSpeed(4000)
T20E8 16321:417.768 - 0.129ms
T20E8 16321:417.787 JLINK_ResetPullsRESET(OFF)
T20E8 16321:417.794 - 0.011ms
T20E8 16321:417.804 JLINK_Connect()
T20E8 16321:419.219   TotalIRLen = 4, IRPrint = 0x01
T20E8 16321:419.873   JTAG chain detection found 1 devices:
T20E8 16321:419.900    #0 Id: 0x4BA00477, IRLen: 04, CoreSight JTAG-DP
T20E8 16321:424.238   Old FW that does not support reading DPIDR via DAP jobs
T20E8 16321:427.866   DPv0 detected
T20E8 16321:427.898   AP map detection skipped. Manually configured AP map found.
T20E8 16321:427.918   AP[0]: AHB-AP (IDR: Not set)
T20E8 16321:432.741   AP[0]: Core found
T20E8 16321:432.767   AP[0]: AHB-AP ROM base: 0xE00FF000
T20E8 16321:435.125   CPUID register: 0x412FC230. Implementer code: 0x41 (ARM)
T20E8 16321:435.151   Found Cortex-M3 r2p0, Little endian.
T20E8 16321:435.351   -- Max. mem block: 0x00001F48
T20E8 16321:435.371   CPU_ReadMem(4 bytes @ 0xE000EDF0)
T20E8 16321:435.832   CPU_ReadMem(4 bytes @ 0xE0002000)
T20E8 16321:436.372   FPUnit: 6 code (BP) slots and 2 literal slots
T20E8 16321:436.388   CPU_ReadMem(4 bytes @ 0xE000EDFC)
T20E8 16321:436.827   CPU_ReadMem(4 bytes @ 0xE0001000)
T20E8 16321:437.345   CPU_WriteMem(4 bytes @ 0xE0001000)
T20E8 16321:437.718   CPU_ReadMem(4 bytes @ 0xE000ED88)
T20E8 16321:438.167   CPU_WriteMem(4 bytes @ 0xE000ED88)
T20E8 16321:438.540   CPU_ReadMem(4 bytes @ 0xE000ED88)
T20E8 16321:439.070   CPU_WriteMem(4 bytes @ 0xE000ED88)
T20E8 16321:439.460   CoreSight components:
T20E8 16321:439.484   ROMTbl[0] @ E00FF000
T20E8 16321:439.497   CPU_ReadMem(64 bytes @ 0xE00FF000)
T20E8 16321:440.937   CPU_ReadMem(32 bytes @ 0xE000EFE0)
T20E8 16321:441.809   ROMTbl[0][0]: E000E000, CID: B105E00D, PID: 002BB000 SCS
T20E8 16321:441.826   CPU_ReadMem(32 bytes @ 0xE0001FE0)
T20E8 16321:442.485   ROMTbl[0][1]: E0001000, CID: B105E00D, PID: 002BB002 DWT
T20E8 16321:442.501   CPU_ReadMem(32 bytes @ 0xE0002FE0)
T20E8 16321:443.230   ROMTbl[0][2]: E0002000, CID: B105E00D, PID: 002BB003 FPB
T20E8 16321:443.246   CPU_ReadMem(32 bytes @ 0xE0000FE0)
T20E8 16321:443.961   ROMTbl[0][3]: E0000000, CID: B105E00D, PID: 002BB001 ITM
T20E8 16321:443.977   CPU_ReadMem(32 bytes @ 0xE0040FE0)
T20E8 16321:444.752   ROMTbl[0][4]: E0040000, CID: B105900D, PID: 002BB923 TPIU-Lite
T20E8 16321:444.771 - 26.972ms returns 0x00
T20E8 16321:444.828 JLINK_Halt()
T20E8 16321:448.480 - 3.659ms returns 0x00
T20E8 16321:448.610 JLINK_BeginDownload(Flags = 0x00000000)
T20E8 16321:448.621 - 0.014ms
T20E8 16321:448.644 JLINK_WriteMem(0x400E0A04, 0x4 Bytes, ...)
T20E8 16321:448.653   Data:  0B 01 00 5A
T20E8 16321:448.776   CPU_WriteMem(4 bytes @ 0x400E0A04)
T20E8 16321:449.282 - 0.647ms returns 0x4
T20E8 16321:449.329 JLINK_EndDownload()
T20E8 16321:449.339 - 0.013ms returns 0 (0x0)
T20E8 16321:449.349 JLINK_ReadMemHW(0x400E0A08, 0x0004 Bytes, ...)
T20E8 16321:449.359   CPU_ReadMem(4 bytes @ 0x400E0A08)
T20E8 16321:449.893   Data:  01 00 00 00
T20E8 16321:449.910 - 0.564ms returns 0
T20E8 16321:449.953 JLINK_SetResetType(JLINKARM_CM3_RESET_TYPE_NORMAL)
T20E8 16321:449.962 - 0.013ms returns JLINKARM_CM3_RESET_TYPE_NORMAL
T20E8 16321:449.972 JLINK_Reset()
T20E8 16321:449.984   CPU_ReadMem(16 bytes @ 0x20000000)
T20E8 16321:450.586   CPU_WriteMem(16 bytes @ 0x20000000)
T20E8 16321:451.478   CPU_ReadMem(4 bytes @ 0xE000EDFC)
T20E8 16321:452.419   CPU_WriteMem(4 bytes @ 0xE000EDFC)
T20E8 16321:453.357   CPU_ReadMem(4 bytes @ 0xE0001000)
T20E8 16321:470.253   CPU_WriteMem(4 bytes @ 0xE000ED0C)
T20E8 16321:471.169   CPU_ReadMem(4 bytes @ 0xE000EDF0)
T20E8 16321:472.118   CPU_ReadMem(4 bytes @ 0xE000EDF0)
T20E8 16321:473.028   CPU_WriteMem(4 bytes @ 0xE000EDFC)
T20E8 16321:473.595   CPU_WriteMem(16 bytes @ 0x20000000)
T20E8 16321:478.133   CPU_WriteMem(4 bytes @ 0xE0002000)
T20E8 16321:479.058   CPU_ReadMem(4 bytes @ 0xE000EDFC)
T20E8 16321:480.014   CPU_ReadMem(4 bytes @ 0xE0001000)
T20E8 16321:480.743 - 30.784ms
T20E8 16321:482.176 JLINK_JTAG_GetDeviceID(DeviceIndex = 0)
T20E8 16321:482.193 - 0.021ms returns 1268778103
T20E8 16321:482.204 JLINK_ReadMemU32(0x400E0740, 0x1 Items)
T20E8 16321:482.223   CPU_ReadMem(4 bytes @ 0x400E0740)
T20E8 16321:482.714   Data:  61 05 99 28
T20E8 16321:482.739 - 0.539ms returns 1 (0x1)
T20E8 16321:482.775 JLINK_ReadMemU32(0x400E0744, 0x1 Items)
T20E8 16321:482.788   CPU_ReadMem(4 bytes @ 0x400E0744)
T20E8 16321:483.233   Data:  00 00 00 00
T20E8 16321:483.250 - 0.479ms returns 1 (0x1)
T3C34 16321:491.439 JLINK_IsHalted()
T3C34 16321:491.465 - 0.030ms returns TRUE
T3C34 16321:491.477 JLINK_GetMOEs(...)
T3C34 16321:491.491   CPU_ReadMem(4 bytes @ 0xE000ED30)
T3C34 16321:492.066 - 0.599ms returns 0x01
T3C34 16321:492.088 JLINK_ReadReg(R15 (PC))
T3C34 16321:492.098 - 0.014ms returns 0xFFFFFFFE
T20E8 16321:493.150 JLINK_BeginDownload(Flags = 0x00000000)
T20E8 16321:493.165 - 0.018ms
T20E8 16321:493.198 JLINK_WriteMem(0x00400000, 0x1708 Bytes, ...)
T20E8 16321:493.208   Data:  18 31 00 20 41 07 40 00 3D 07 40 00 3D 07 40 00 ...
T20E8 16321:493.492   completely In flash
T20E8 16321:493.514    -- Read from flash cache (5896 bytes @ 0x00400000)
T20E8 16321:493.527 - 0.332ms returns 0x1708
T20E8 16321:493.674 JLINK_WriteMem(0x00401708, 0x524 Bytes, ...)
T20E8 16321:493.686   Data:  4F F4 40 72 1F 4B 1A 60 A3 F5 C0 63 1B 6A 13 F0 ...
T20E8 16321:493.705   completely In flash
T20E8 16321:493.718    -- Read from flash cache (1316 bytes @ 0x00401708)
T20E8 16321:493.729 - 0.058ms returns 0x524
T3C34 16321:692.504 JLINK_IsHalted()
T3C34 16321:692.537 - 0.037ms returns TRUE
T20E8 16321:693.176 JLINK_EndDownload()
T20E8 16321:693.383   Old firmware which does not support pausing periodic actions during flash download
T20E8 16321:693.479   CPU_ReadMem(4 bytes @ 0xE000ED90)
T20E8 16321:694.042   CPU_ReadMem(4 bytes @ 0xE000ED94)
T20E8 16321:694.561    -- --------------------------------------
T20E8 16321:694.580   Flash bank @ 0x00400000: Default: L2 verify disabled because algorithm performs L1 verify
T20E8 16321:694.591    -- Start of determining dirty areas in flash cache
T20E8 16321:694.629    -- End of determining dirty areas
T20E8 16321:694.640    -- Start of preparing flash programming
T20E8 16321:694.652    -- Calculating RAM usage
T20E8 16321:694.672    -- RAM usage = 2692 Bytes
T20E8 16321:694.682    -- Preserving CPU registers
T20E8 16321:694.707    -- Preparing memory
T20E8 16321:694.719    -- Preparing target
T20E8 16321:698.077    -- Preserving target RAM temporarily used for programming
T20E8 16321:714.710    -- Downloading RAMCode
T20E8 16321:735.811    -- Preparing RAMCode
T20E8 16321:746.176    -- Checking target RAM
T20E8 16321:750.869    -- End of preparing flash programming
T20E8 16321:751.092   Looking for J-Link GUI Server exe at: C:\Program Files (x86)\Atmel\Studio\7.0\atbackend\JLinkGUIServer.exe
T20E8 16321:751.198   Looking for J-Link GUI Server exe at: \JLinkGUIServer.exe
