T20E8 13085:150.704   SEGGER J-Link V7.52a Log File
T20E8 13085:150.798   DLL Compiled: Jul 28 2021 11:08:12
T20E8 13085:150.824   Logging started @ 2025-06-04 22:06
T20E8 13085:150.846 - 213185.366ms
T20E8 13085:155.958 JLINK_ExecCommand("Device = AT91SAM3S1B", ...). 
T20E8 13085:156.198   Device "ATSAM3S1B" selected.
T20E8 13085:157.205 - 1.215ms returns 0x00
T20E8 13085:217.112 JLINK_TIF_Select(JLINKARM_TIF_JTAG)
T20E8 13085:218.234 - 1.150ms returns 0x00
T20E8 13085:218.280 JLINK_ConfigJTAG(IRPre = 0, DRPre = 0)
T20E8 13085:218.335 - 0.068ms
T20E8 13085:218.361 JLINK_SetSpeed(4000)
T20E8 13085:218.490 - 0.151ms
T20E8 13085:218.529 JLINK_ResetPullsRESET(OFF)
T20E8 13085:218.548 - 0.028ms
T20E8 13085:218.569 JLINK_Connect()
T20E8 13085:219.987   TotalIRLen = 4, IRPrint = 0x01
T20E8 13085:220.652   JTAG chain detection found 1 devices:
T20E8 13085:220.681    #0 Id: 0x4BA00477, IRLen: 04, CoreSight JTAG-DP
T20E8 13085:225.005   Old FW that does not support reading DPIDR via DAP jobs
T20E8 13085:229.175   DPv0 detected
T20E8 13085:229.210   Scanning AP map to find all available APs
T20E8 13085:232.074   AP[1]: Stopped AP scan as end of AP map has been reached
T20E8 13085:232.101   AP[0]: AHB-AP (IDR: 0x24770011)
T20E8 13085:232.122   Iterating through AP map to find AHB-AP to use
T20E8 13085:236.270   AP[0]: Core found
T20E8 13085:236.299   AP[0]: AHB-AP ROM base: 0xE00FF000
T20E8 13085:238.802   CPUID register: 0x412FC230. Implementer code: 0x41 (ARM)
T20E8 13085:238.831   Found Cortex-M3 r2p0, Little endian.
T20E8 13085:239.234   -- Max. mem block: 0x000023B8
T20E8 13085:239.379   CPU_ReadMem(4 bytes @ 0xE000EDF0)
T20E8 13085:243.135   CPU_WriteMem(4 bytes @ 0xE000EDF0)
T20E8 13085:243.669   CPU_ReadMem(4 bytes @ 0xE0002000)
T20E8 13085:244.260   FPUnit: 6 code (BP) slots and 2 literal slots
T20E8 13085:244.282   CPU_ReadMem(4 bytes @ 0xE000EDFC)
T20E8 13085:244.802   CPU_WriteMem(4 bytes @ 0xE000EDFC)
T20E8 13085:245.375   CPU_ReadMem(4 bytes @ 0xE0001000)
T20E8 13085:246.344   CPU_WriteMem(4 bytes @ 0xE0001000)
T20E8 13085:246.870   CPU_ReadMem(4 bytes @ 0xE000ED88)
T20E8 13085:247.429   CPU_WriteMem(4 bytes @ 0xE000ED88)
T20E8 13085:247.956   CPU_ReadMem(4 bytes @ 0xE000ED88)
T20E8 13085:248.492   CPU_WriteMem(4 bytes @ 0xE000ED88)
T20E8 13085:249.036   CoreSight components:
T20E8 13085:249.062   ROMTbl[0] @ E00FF000
T20E8 13085:249.075   CPU_ReadMem(64 bytes @ 0xE00FF000)
T20E8 13085:249.909   CPU_ReadMem(32 bytes @ 0xE000EFE0)
T20E8 13085:250.709   ROMTbl[0][0]: E000E000, CID: B105E00D, PID: 002BB000 SCS
T20E8 13085:250.727   CPU_ReadMem(32 bytes @ 0xE0001FE0)
T20E8 13085:251.493   ROMTbl[0][1]: E0001000, CID: B105E00D, PID: 002BB002 DWT
T20E8 13085:251.511   CPU_ReadMem(32 bytes @ 0xE0002FE0)
T20E8 13085:252.318   ROMTbl[0][2]: E0002000, CID: B105E00D, PID: 002BB003 FPB
T20E8 13085:252.336   CPU_ReadMem(32 bytes @ 0xE0000FE0)
T20E8 13085:253.175   ROMTbl[0][3]: E0000000, CID: B105E00D, PID: 002BB001 ITM
T20E8 13085:253.192   CPU_ReadMem(32 bytes @ 0xE0040FE0)
T20E8 13085:253.992   ROMTbl[0][4]: E0040000, CID: B105900D, PID: 002BB923 TPIU-Lite
T20E8 13085:254.013 - 35.448ms returns 0x00
T20E8 13085:254.166 JLINK_Halt()
T20E8 13085:257.604 - 3.447ms returns 0x00
T20E8 13085:257.731 JLINK_BeginDownload(Flags = 0x00000000)
T20E8 13085:257.742 - 0.014ms
T20E8 13085:257.769 JLINK_WriteMem(0x400E0A04, 0x4 Bytes, ...)
T20E8 13085:257.778   Data:  0B 01 00 5A
T20E8 13085:258.401   CPU_WriteMem(4 bytes @ 0x400E0A04)
T20E8 13085:258.888 - 1.129ms returns 0x4
T20E8 13085:258.944 JLINK_EndDownload()
T20E8 13085:258.955 - 0.014ms returns 0 (0x0)
T20E8 13085:258.965 JLINK_ReadMemHW(0x400E0A08, 0x0004 Bytes, ...)
T20E8 13085:258.976   CPU_ReadMem(4 bytes @ 0x400E0A08)
T20E8 13085:259.511   Data:  01 00 00 00
T20E8 13085:259.574 - 0.614ms returns 0
T20E8 13085:259.794 JLINK_SetResetType(JLINKARM_CM3_RESET_TYPE_NORMAL)
T20E8 13085:259.809 - 0.023ms returns JLINKARM_CM3_RESET_TYPE_NORMAL
T20E8 13085:259.843 JLINK_Reset()
T20E8 13085:260.210   CPU_ReadMem(16 bytes @ 0x20000000)
T20E8 13085:260.919   CPU_WriteMem(16 bytes @ 0x20000000)
T20E8 13085:261.450   CPU_ReadMem(4 bytes @ 0xE000EDFC)
T20E8 13085:262.069   CPU_WriteMem(4 bytes @ 0xE000EDFC)
T20E8 13085:262.529   CPU_ReadMem(4 bytes @ 0xE0001000)
T20E8 13085:475.571   AT91SAM3 / AT91SAM4 reset: Core did not halt after reset. Halting core...
T20E8 13085:478.858   CPU_WriteMem(4 bytes @ 0xE000ED0C)
T20E8 13085:479.306   CPU_ReadMem(4 bytes @ 0xE000EDF0)
T20E8 13085:479.907   CPU_ReadMem(4 bytes @ 0xE000EDF0)
T20E8 13085:480.466   CPU_WriteMem(4 bytes @ 0xE000EDFC)
T20E8 13085:480.953   CPU_WriteMem(16 bytes @ 0x20000000)
T20E8 13085:484.686   CPU_WriteMem(4 bytes @ 0xE0002000)
T20E8 13085:485.204   CPU_ReadMem(4 bytes @ 0xE000EDFC)
T20E8 13085:485.753   CPU_ReadMem(4 bytes @ 0xE0001000)
T20E8 13085:486.308 - 226.474ms
T20E8 13085:487.516 JLINK_JTAG_GetDeviceID(DeviceIndex = 0)
T20E8 13085:487.530 - 0.019ms returns 1268778103
T20E8 13085:487.542 JLINK_ReadMemU32(0x400E0740, 0x1 Items)
T20E8 13085:487.559   CPU_ReadMem(4 bytes @ 0x400E0740)
T20E8 13085:488.073   Data:  61 05 99 28
T20E8 13085:488.090 - 0.552ms returns 1 (0x1)
T20E8 13085:488.126 JLINK_ReadMemU32(0x400E0744, 0x1 Items)
T20E8 13085:488.140   CPU_ReadMem(4 bytes @ 0x400E0744)
T20E8 13085:488.611   Data:  00 00 00 00
T20E8 13085:488.627 - 0.504ms returns 1 (0x1)
T20E8 13085:488.698 JLINK_BeginDownload(Flags = 0x00000000)
T20E8 13085:488.708 - 0.014ms
T20E8 13085:488.728 JLINK_WriteMem(0x400E0A04, 0x4 Bytes, ...)
T20E8 13085:488.737   Data:  05 00 00 5A
T20E8 13085:488.753   CPU_WriteMem(4 bytes @ 0x400E0A04)
T20E8 13085:489.164 - 0.444ms returns 0x4
T20E8 13085:489.206 JLINK_EndDownload()
T20E8 13085:489.216 - 0.013ms returns 0 (0x0)
T20E8 13085:489.226 JLINK_ReadMemHW(0x400E0A08, 0x0004 Bytes, ...)
T20E8 13085:489.236   CPU_ReadMem(4 bytes @ 0x400E0A08)
T20E8 13085:489.736   Data:  00 00 00 00
T20E8 13085:489.752 - 0.529ms returns 0
T20E8 13085:490.505 JLINK_ReadMemHW(0x400E0A08, 0x0004 Bytes, ...)
T20E8 13085:490.522   CPU_ReadMem(4 bytes @ 0x400E0A08)
T20E8 13085:491.022   Data:  00 00 00 00
T20E8 13085:491.039 - 0.538ms returns 0
T1740 13085:496.511 JLINK_IsHalted()
T1740 13085:496.541 - 0.034ms returns TRUE
T20E8 13085:496.554 JLINK_ReadMemHW(0x400E0A08, 0x0004 Bytes, ...)
T20E8 13085:496.579   CPU_ReadMem(4 bytes @ 0x400E0A08)
T20E8 13085:497.121   Data:  00 00 00 00
T20E8 13085:497.138 - 0.588ms returns 0
T1740 13085:497.193 JLINK_GetMOEs(...)
T1740 13085:497.209   CPU_ReadMem(4 bytes @ 0xE000ED30)
T1740 13085:497.703 - 0.518ms returns 0x01
T1740 13085:497.721 JLINK_ReadReg(R15 (PC))
T1740 13085:497.731 - 0.013ms returns 0x00400740
T20E8 13085:514.081 JLINK_ReadMemHW(0x400E0A08, 0x0004 Bytes, ...)
T20E8 13085:514.116   CPU_ReadMem(4 bytes @ 0x400E0A08)
T20E8 13085:514.641   Data:  01 00 00 00
T20E8 13085:514.660 - 0.583ms returns 0
T1740 13085:698.273 JLINK_IsHalted()
T1740 13085:698.310 - 0.043ms returns TRUE
T20E8 13085:699.150 JLINK_ResetPullsRESET(ON)
T20E8 13085:699.170 - 0.026ms
T20E8 13085:699.184 JLINK_ResetNoHalt()
T20E8 13085:700.409   TotalIRLen = 4, IRPrint = 0x01
T20E8 13085:701.079   JTAG chain detection found 1 devices:
T20E8 13085:701.107    #0 Id: 0x4BA00477, IRLen: 04, CoreSight JTAG-DP
T20E8 13085:705.599   Old FW that does not support reading DPIDR via DAP jobs
T20E8 13085:709.401   DPv0 detected
T20E8 13085:709.440   AP map detection skipped. Manually configured AP map found.
T20E8 13085:709.462   AP[0]: AHB-AP (IDR: Not set)
T20E8 13085:714.585   AP[0]: Core found
T20E8 13085:714.615   AP[0]: AHB-AP ROM base: 0xE00FF000
T20E8 13085:717.052   CPUID register: 0x412FC230. Implementer code: 0x41 (ARM)
T20E8 13085:717.077   Found Cortex-M3 r2p0, Little endian.
T20E8 13085:717.276   -- Max. mem block: 0x00001F48
T20E8 13085:717.296   CPU_ReadMem(4 bytes @ 0xE000EDF0)
T20E8 13085:717.743   CPU_ReadMem(4 bytes @ 0xE0002000)
T20E8 13085:718.218   FPUnit: 6 code (BP) slots and 2 literal slots
T20E8 13085:718.247   CPU_ReadMem(4 bytes @ 0xE000EDFC)
T20E8 13085:718.717   CPU_ReadMem(4 bytes @ 0xE0001000)
T20E8 13085:719.253   CPU_ReadMem(4 bytes @ 0xE000ED88)
T20E8 13085:719.702   CPU_WriteMem(4 bytes @ 0xE000ED88)
T20E8 13085:720.166   CPU_ReadMem(4 bytes @ 0xE000ED88)
T20E8 13085:720.617   CPU_WriteMem(4 bytes @ 0xE000ED88)
T20E8 13085:721.042   CoreSight components:
T20E8 13085:721.066   ROMTbl[0] @ E00FF000
T20E8 13085:721.079   CPU_ReadMem(64 bytes @ 0xE00FF000)
T20E8 13085:722.184   CPU_ReadMem(32 bytes @ 0xE000EFE0)
T20E8 13085:722.890   ROMTbl[0][0]: E000E000, CID: B105E00D, PID: 002BB000 SCS
T20E8 13085:722.907   CPU_WriteMem(4 bytes @ 0xE0001000)
T20E8 13085:723.285   CPU_ReadMem(32 bytes @ 0xE0001FE0)
T20E8 13085:723.939   ROMTbl[0][1]: E0001000, CID: B105E00D, PID: 002BB002 DWT
T20E8 13085:723.955   CPU_ReadMem(32 bytes @ 0xE0002FE0)
T20E8 13085:724.596   ROMTbl[0][2]: E0002000, CID: B105E00D, PID: 002BB003 FPB
T20E8 13085:724.612   CPU_ReadMem(32 bytes @ 0xE0000FE0)
T20E8 13085:725.265   ROMTbl[0][3]: E0000000, CID: B105E00D, PID: 002BB001 ITM
T20E8 13085:725.291   CPU_ReadMem(32 bytes @ 0xE0040FE0)
T20E8 13085:725.963   ROMTbl[0][4]: E0040000, CID: B105900D, PID: 002BB923 TPIU-Lite
T20E8 13085:726.003   JLINK_Reset()
T20E8 13085:726.092     CPU_ReadMem(16 bytes @ 0x20000000)
T20E8 13085:726.643     CPU_WriteMem(16 bytes @ 0x20000000)
T20E8 13085:727.231     CPU_ReadMem(4 bytes @ 0xE000EDFC)
T20E8 13085:727.694     CPU_WriteMem(4 bytes @ 0xE000EDFC)
T20E8 13085:728.152     CPU_ReadMem(4 bytes @ 0xE0001000)
T20E8 13085:728.656     CPU_WriteMem(4 bytes @ 0xE0001004)
T20E8 13085:743.440     CPU_WriteMem(4 bytes @ 0xE000ED0C)
T20E8 13085:743.910     CPU_ReadMem(4 bytes @ 0xE000EDF0)
T20E8 13085:744.419     CPU_ReadMem(4 bytes @ 0xE000EDF0)
T20E8 13085:744.915     CPU_WriteMem(4 bytes @ 0xE000EDFC)
T20E8 13085:745.350     CPU_WriteMem(16 bytes @ 0x20000000)
T20E8 13085:748.941     CPU_WriteMem(4 bytes @ 0xE0002000)
T20E8 13085:749.391     CPU_ReadMem(4 bytes @ 0xE000EDFC)
T20E8 13085:749.869     CPU_ReadMem(4 bytes @ 0xE0001000)
T20E8 13085:750.379   - 24.386ms
T20E8 13085:750.398   JLINK_Go()
T20E8 13085:750.410     CPU_ReadMem(4 bytes @ 0xE0001000)
T20E8 13085:750.913     CPU_WriteMem(4 bytes @ 0xE0001004)
T20E8 13085:751.776   - 1.391ms
T20E8 13085:751.794 - 52.613ms
T20E8 13085:752.006 JLINK_TIF_Select(JLINKARM_TIF_JTAG)
T20E8 13085:752.018 - 0.015ms returns 0x00
T20E8 13085:752.027 JLINK_ConfigJTAG(IRPre = 0, DRPre = 0)
T20E8 13085:752.035 - 0.010ms
T20E8 13085:752.043 JLINK_SetSpeed(4000)
T20E8 13085:752.156 - 0.122ms
T20E8 13085:752.175 JLINK_ResetPullsRESET(OFF)
T20E8 13085:752.182 - 0.011ms
T20E8 13085:752.192 JLINK_Connect()
T20E8 13085:753.508   TotalIRLen = 4, IRPrint = 0x01
T20E8 13085:754.160   JTAG chain detection found 1 devices:
T20E8 13085:754.187    #0 Id: 0x4BA00477, IRLen: 04, CoreSight JTAG-DP
T20E8 13085:758.240   Old FW that does not support reading DPIDR via DAP jobs
T20E8 13085:762.091   DPv0 detected
T20E8 13085:762.131   AP map detection skipped. Manually configured AP map found.
T20E8 13085:762.153   AP[0]: AHB-AP (IDR: Not set)
T20E8 13085:766.633   AP[0]: Core found
T20E8 13085:766.660   AP[0]: AHB-AP ROM base: 0xE00FF000
T20E8 13085:768.681   CPUID register: 0x412FC230. Implementer code: 0x41 (ARM)
T20E8 13085:768.706   Found Cortex-M3 r2p0, Little endian.
T20E8 13085:768.934   -- Max. mem block: 0x00001F48
T20E8 13085:768.958   CPU_ReadMem(4 bytes @ 0xE000EDF0)
T20E8 13085:769.413   CPU_ReadMem(4 bytes @ 0xE0002000)
T20E8 13085:769.891   FPUnit: 6 code (BP) slots and 2 literal slots
T20E8 13085:769.913   CPU_ReadMem(4 bytes @ 0xE000EDFC)
T20E8 13085:770.337   CPU_ReadMem(4 bytes @ 0xE0001000)
T20E8 13085:770.822   CPU_WriteMem(4 bytes @ 0xE0001000)
T20E8 13085:771.193   CPU_ReadMem(4 bytes @ 0xE000ED88)
T20E8 13085:771.614   CPU_WriteMem(4 bytes @ 0xE000ED88)
T20E8 13085:771.970   CPU_ReadMem(4 bytes @ 0xE000ED88)
T20E8 13085:772.398   CPU_WriteMem(4 bytes @ 0xE000ED88)
T20E8 13085:772.765   CoreSight components:
T20E8 13085:772.794   ROMTbl[0] @ E00FF000
T20E8 13085:772.807   CPU_ReadMem(64 bytes @ 0xE00FF000)
T20E8 13085:773.944   CPU_ReadMem(32 bytes @ 0xE000EFE0)
T20E8 13085:774.600   ROMTbl[0][0]: E000E000, CID: B105E00D, PID: 002BB000 SCS
T20E8 13085:774.620   CPU_ReadMem(32 bytes @ 0xE0001FE0)
T20E8 13085:775.315   ROMTbl[0][1]: E0001000, CID: B105E00D, PID: 002BB002 DWT
T20E8 13085:775.352   CPU_ReadMem(32 bytes @ 0xE0002FE0)
T20E8 13085:776.042   ROMTbl[0][2]: E0002000, CID: B105E00D, PID: 002BB003 FPB
T20E8 13085:776.066   CPU_ReadMem(32 bytes @ 0xE0000FE0)
T20E8 13085:776.744   ROMTbl[0][3]: E0000000, CID: B105E00D, PID: 002BB001 ITM
T20E8 13085:776.764   CPU_ReadMem(32 bytes @ 0xE0040FE0)
T20E8 13085:777.486   ROMTbl[0][4]: E0040000, CID: B105900D, PID: 002BB923 TPIU-Lite
T20E8 13085:777.507 - 25.319ms returns 0x00
T20E8 13085:777.545 JLINK_Halt()
T20E8 13085:780.764 - 3.229ms returns 0x00
T20E8 13085:780.881 JLINK_BeginDownload(Flags = 0x00000000)
T20E8 13085:780.892 - 0.014ms
T20E8 13085:780.915 JLINK_WriteMem(0x400E0A04, 0x4 Bytes, ...)
T20E8 13085:780.924   Data:  0B 01 00 5A
T20E8 13085:781.010   CPU_WriteMem(4 bytes @ 0x400E0A04)
T20E8 13085:781.414 - 0.513ms returns 0x4
T20E8 13085:781.463 JLINK_EndDownload()
T20E8 13085:781.473 - 0.013ms returns 0 (0x0)
T20E8 13085:781.483 JLINK_ReadMemHW(0x400E0A08, 0x0004 Bytes, ...)
T20E8 13085:781.493   CPU_ReadMem(4 bytes @ 0x400E0A08)
T20E8 13085:781.986   Data:  01 00 00 00
T20E8 13085:782.004 - 0.525ms returns 0
T20E8 13085:782.044 JLINK_SetResetType(JLINKARM_CM3_RESET_TYPE_NORMAL)
T20E8 13085:782.053 - 0.012ms returns JLINKARM_CM3_RESET_TYPE_NORMAL
T20E8 13085:782.063 JLINK_Reset()
T20E8 13085:782.087   CPU_ReadMem(16 bytes @ 0x20000000)
T20E8 13085:782.673   CPU_WriteMem(16 bytes @ 0x20000000)
T20E8 13085:783.215   CPU_ReadMem(4 bytes @ 0xE000EDFC)
T20E8 13085:783.739   CPU_WriteMem(4 bytes @ 0xE000EDFC)
T20E8 13085:784.201   CPU_ReadMem(4 bytes @ 0xE0001000)
T20E8 13085:799.520   CPU_WriteMem(4 bytes @ 0xE000ED0C)
T20E8 13085:799.989   CPU_ReadMem(4 bytes @ 0xE000EDF0)
T20E8 13085:800.706   CPU_ReadMem(4 bytes @ 0xE000EDF0)
T20E8 13085:801.573   CPU_WriteMem(4 bytes @ 0xE000EDFC)
T20E8 13085:802.407   CPU_WriteMem(16 bytes @ 0x20000000)
T20E8 13085:807.060   CPU_WriteMem(4 bytes @ 0xE0002000)
T20E8 13085:807.930   CPU_ReadMem(4 bytes @ 0xE000EDFC)
T20E8 13085:808.576   CPU_ReadMem(4 bytes @ 0xE0001000)
T20E8 13085:809.211 - 27.160ms
T20E8 13085:810.682 JLINK_JTAG_GetDeviceID(DeviceIndex = 0)
T20E8 13085:810.711 - 0.037ms returns 1268778103
T20E8 13085:810.731 JLINK_ReadMemU32(0x400E0740, 0x1 Items)
T20E8 13085:810.762   CPU_ReadMem(4 bytes @ 0x400E0740)
T20E8 13085:811.350   Data:  61 05 99 28
T20E8 13085:811.368 - 0.640ms returns 1 (0x1)
T20E8 13085:811.404 JLINK_ReadMemU32(0x400E0744, 0x1 Items)
T20E8 13085:811.417   CPU_ReadMem(4 bytes @ 0x400E0744)
T20E8 13085:811.954   Data:  00 00 00 00
T20E8 13085:811.971 - 0.571ms returns 1 (0x1)
T462C 13085:819.321 JLINK_IsHalted()
T462C 13085:819.351 - 0.043ms returns TRUE
T462C 13085:819.363 JLINK_GetMOEs(...)
T462C 13085:819.377   CPU_ReadMem(4 bytes @ 0xE000ED30)
T462C 13085:819.936 - 0.584ms returns 0x01
T462C 13085:819.958 JLINK_ReadReg(R15 (PC))
T462C 13085:819.969 - 0.015ms returns 0xFFFFFFFE
T20E8 13085:822.138 JLINK_BeginDownload(Flags = 0x00000000)
T20E8 13085:822.155 - 0.020ms
T20E8 13085:822.177 JLINK_WriteMem(0x00400000, 0x1720 Bytes, ...)
T20E8 13085:822.186   Data:  20 31 00 20 41 07 40 00 3D 07 40 00 3D 07 40 00 ...
T20E8 13085:822.451   completely In flash
T20E8 13085:822.472    -- Read from flash cache (5920 bytes @ 0x00400000)
T20E8 13085:822.484 - 0.310ms returns 0x1720
T20E8 13085:822.639 JLINK_WriteMem(0x00401720, 0x52C Bytes, ...)
T20E8 13085:822.650   Data:  4F F4 40 72 1F 4B 1A 60 A3 F5 C0 63 1B 6A 13 F0 ...
T20E8 13085:822.669   completely In flash
T20E8 13085:822.683    -- Read from flash cache (1324 bytes @ 0x00401720)
T20E8 13085:822.693 - 0.058ms returns 0x52C
T462C 13086:021.054 JLINK_IsHalted()
T462C 13086:021.150 - 0.100ms returns TRUE
T20E8 13086:021.929 JLINK_EndDownload()
T20E8 13086:022.177   Old firmware which does not support pausing periodic actions during flash download
T20E8 13086:022.268   CPU_ReadMem(4 bytes @ 0xE000ED90)
T20E8 13086:022.959   CPU_ReadMem(4 bytes @ 0xE000ED94)
T20E8 13086:023.556    -- --------------------------------------
T20E8 13086:023.577   Flash bank @ 0x00400000: Default: L2 verify disabled because algorithm performs L1 verify
T20E8 13086:023.588    -- Start of determining dirty areas in flash cache
T20E8 13086:023.625    -- End of determining dirty areas
T20E8 13086:023.637    -- Start of preparing flash programming
T20E8 13086:023.648    -- Calculating RAM usage
T20E8 13086:023.669    -- RAM usage = 2692 Bytes
T20E8 13086:023.679    -- Preserving CPU registers
T20E8 13086:023.705    -- Preparing memory
T20E8 13086:023.717    -- Preparing target
T20E8 13086:026.490    -- Preserving target RAM temporarily used for programming
T20E8 13086:042.567    -- Downloading RAMCode
T20E8 13086:063.463    -- Preparing RAMCode
T20E8 13086:072.896    -- Checking target RAM
T20E8 13086:076.604    -- End of preparing flash programming
T20E8 13086:076.867   Looking for J-Link GUI Server exe at: C:\Program Files (x86)\Atmel\Studio\7.0\atbackend\JLinkGUIServer.exe
T20E8 13086:076.957   Looking for J-Link GUI Server exe at: \JLinkGUIServer.exe
T20E8 13086:378.415   Failed to connect to J-Link GUI Server.
T20E8 13086:384.727    -- CPU speed could not be measured.
T20E8 13086:384.753    -- Start of comparing flash
T20E8 13086:384.764    -- CRC check was estimated as fastest method
T20E8 13086:384.778    -- Comparing range 0x400000 - 0x401CFF (29 Sectors, 7 KiB), using multi-block CRC calculation
T20E8 13086:399.889    -- CRC does not match for sectors 0-28
T20E8 13086:399.918    -- End of comparing flash
T20E8 13086:399.930    -- Start of erasing sectors
T20E8 13086:399.941    -- End of erasing sectors
T20E8 13086:399.952    -- Start of flash programming
T20E8 13086:399.968    -- Programming range 0x00400000 - 0x00401CFF ( 29 Sectors, 7 KB)
T20E8 13086:488.119    -- End of flash programming
T20E8 13086:488.148    -- 0x400000 - 0x401CFF ( 29 Sectors, 7 KoB)
T20E8 13086:488.172    -- Start of restoring
T20E8 13086:488.184    -- Restoring RAMCode
T20E8 13086:500.162    -- Restoring target memory
T20E8 13086:523.221    -- Restore target
T20E8 13086:523.256    -- Restore memory
T20E8 13086:523.268    -- Restoring CPU registers
T20E8 13086:523.295    -- End of restoring
T20E8 13086:523.360    -- Bank 0 @ 0x00400000: 1 range affected (7424 bytes)
T20E8 13086:523.386    -- Total: 0.499s (Prepare: 0.361s, Compare: 0.015s, Erase: 0.000s, Program & Verify: 0.095s, Restore: 0.027s)
T20E8 13086:523.407    -- Program & Verify speed: 76 KiB/s
T20E8 13086:525.815 - 503.915ms returns 7424 (0x1D00)
T20E8 13086:526.677 JLINK_ResetPullsRESET(ON)
T20E8 13086:526.700 - 0.028ms
T20E8 13086:526.715 JLINK_ResetNoHalt()
T20E8 13086:528.042   TotalIRLen = 4, IRPrint = 0x01
T20E8 13086:528.754   JTAG chain detection found 1 devices:
T20E8 13086:528.783    #0 Id: 0x4BA00477, IRLen: 04, CoreSight JTAG-DP
T20E8 13086:532.500   Old FW that does not support reading DPIDR via DAP jobs
T20E8 13086:535.498   DPv0 detected
T20E8 13086:535.535   AP map detection skipped. Manually configured AP map found.
T20E8 13086:535.558   AP[0]: AHB-AP (IDR: Not set)
T20E8 13086:539.750   AP[0]: Core found
T20E8 13086:539.778   AP[0]: AHB-AP ROM base: 0xE00FF000
T20E8 13086:541.842   CPUID register: 0x412FC230. Implementer code: 0x41 (ARM)
T20E8 13086:541.868   Found Cortex-M3 r2p0, Little endian.
T20E8 13086:542.040   -- Max. mem block: 0x00001F48
T20E8 13086:542.064   CPU_ReadMem(4 bytes @ 0xE000EDF0)
T20E8 13086:542.534   CPU_ReadMem(4 bytes @ 0xE0002000)
T20E8 13086:543.011   FPUnit: 6 code (BP) slots and 2 literal slots
T20E8 13086:543.035   CPU_ReadMem(4 bytes @ 0xE000EDFC)
T20E8 13086:543.475   CPU_ReadMem(4 bytes @ 0xE0001000)
T20E8 13086:543.971   CPU_ReadMem(4 bytes @ 0xE000ED88)
T20E8 13086:544.506   CPU_WriteMem(4 bytes @ 0xE000ED88)
T20E8 13086:544.871   CPU_ReadMem(4 bytes @ 0xE000ED88)
T20E8 13086:545.299   CPU_WriteMem(4 bytes @ 0xE000ED88)
T20E8 13086:545.684   CoreSight components:
T20E8 13086:545.709   ROMTbl[0] @ E00FF000
T20E8 13086:545.722   CPU_ReadMem(64 bytes @ 0xE00FF000)
T20E8 13086:547.107   CPU_ReadMem(32 bytes @ 0xE000EFE0)
T20E8 13086:547.933   ROMTbl[0][0]: E000E000, CID: B105E00D, PID: 002BB000 SCS
T20E8 13086:547.949   CPU_WriteMem(4 bytes @ 0xE0001000)
T20E8 13086:548.409   CPU_ReadMem(32 bytes @ 0xE0001FE0)
T20E8 13086:549.255   ROMTbl[0][1]: E0001000, CID: B105E00D, PID: 002BB002 DWT
T20E8 13086:549.271   CPU_ReadMem(32 bytes @ 0xE0002FE0)
T20E8 13086:549.925   ROMTbl[0][2]: E0002000, CID: B105E00D, PID: 002BB003 FPB
T20E8 13086:549.944   CPU_ReadMem(32 bytes @ 0xE0000FE0)
T20E8 13086:550.613   ROMTbl[0][3]: E0000000, CID: B105E00D, PID: 002BB001 ITM
T20E8 13086:550.632   CPU_ReadMem(32 bytes @ 0xE0040FE0)
T20E8 13086:551.264   ROMTbl[0][4]: E0040000, CID: B105900D, PID: 002BB923 TPIU-Lite
T20E8 13086:551.288   JLINK_Reset()
T20E8 13086:551.739     CPU_ReadMem(16 bytes @ 0x20000000)
T20E8 13086:552.361     CPU_WriteMem(16 bytes @ 0x20000000)
T20E8 13086:552.861     CPU_ReadMem(4 bytes @ 0xE000EDFC)
T20E8 13086:553.321     CPU_WriteMem(4 bytes @ 0xE000EDFC)
T20E8 13086:553.701     CPU_ReadMem(4 bytes @ 0xE0001000)
T20E8 13086:570.745     CPU_WriteMem(4 bytes @ 0xE000ED0C)
T20E8 13086:571.322     CPU_ReadMem(4 bytes @ 0xE000EDF0)
T20E8 13086:571.882     CPU_ReadMem(4 bytes @ 0xE000EDF0)
T20E8 13086:572.455     CPU_WriteMem(4 bytes @ 0xE000EDFC)
T20E8 13086:573.098     CPU_WriteMem(16 bytes @ 0x20000000)
T20E8 13086:578.053     CPU_WriteMem(4 bytes @ 0xE0002000)
T20E8 13086:578.697     CPU_ReadMem(4 bytes @ 0xE000EDFC)
T20E8 13086:579.448     CPU_ReadMem(4 bytes @ 0xE0001000)
T20E8 13086:580.155   - 28.876ms
T20E8 13086:580.173   JLINK_Go()
T20E8 13086:580.186     CPU_ReadMem(4 bytes @ 0xE0001000)
T20E8 13086:580.904     CPU_WriteMem(4 bytes @ 0xE0001004)
T20E8 13086:582.036   - 1.874ms
T20E8 13086:582.052 - 55.341ms
T20E8 13086:595.305 JLINK_Close()
T20E8 13086:608.439 - 13.165ms
T20E8 13086:608.478   
T20E8 13086:608.488   Closed
