T15E8 7361:264.381   SEGGER J-Link V7.52a Log File
T15E8 7361:264.479   DLL Compiled: Jul 28 2021 11:08:12
T15E8 7361:264.512   Logging started @ 2025-05-21 21:08
T15E8 7361:264.540 - 6641.711ms
T15E8 7361:268.942 JLINK_ExecCommand("Device = AT91SAM3S1B", ...). 
T15E8 7361:269.140   Device "ATSAM3S1B" selected.
T15E8 7361:269.558 - 0.596ms returns 0x00
T15E8 7361:443.866 JLINK_TIF_Select(JLINKARM_TIF_JTAG)
T15E8 7361:444.805 - 0.969ms returns 0x00
T15E8 7361:444.854 JLINK_ConfigJTAG(IRPre = 0, DRPre = 0)
T15E8 7361:444.903 - 0.064ms
T15E8 7361:444.932 JLINK_SetSpeed(4000)
T15E8 7361:445.076 - 0.166ms
T15E8 7361:445.115 JLINK_ResetPullsRESET(OFF)
T15E8 7361:445.134 - 0.028ms
T15E8 7361:445.154 JLINK_Connect()
T15E8 7361:446.639   TotalIRLen = ?, IRPrint = 0x..000000000000000000000000
T15E8 7361:600.300   TotalIRLen = ?, IRPrint = 0x..000000000000000000000000
T15E8 7361:600.695 - 155.552ms returns 0x01
T15E8 7361:600.789 JLINK_ResetPullsRESET(ON)
T15E8 7361:600.799 - 0.013ms
T15E8 7361:600.808 JLINK_ResetNoHalt()
T15E8 7361:602.144   TotalIRLen = ?, IRPrint = 0x..000000000000000000000000
T15E8 7361:755.652   TotalIRLen = ?, IRPrint = 0x..000000000000000000000000
T15E8 7361:756.057 - 155.259ms
T15E8 7361:760.519 JLINK_GetHWStatus(...)
T15E8 7361:760.777 - 0.268ms returns 0
T2D5C 7364:995.813   
  ***** Error: Connection to emulator lost!
T2B30 7365:064.788 JLINK_EMU_GetList(InterfaceMask = 0x00000001, MaxInfos = 0x00000032) 
T2B30 7365:065.587 - 0.809ms returns 0
T2B30 7365:065.606 JLINK_EMU_GetList(InterfaceMask = 0x00000002, MaxInfos = 0x00000032) 
T2B30 7365:091.072 - 25.489ms returns 0
T15E8 7365:148.836 JLINK_Close()
T15E8 7365:163.322 - 14.511ms
T15E8 7365:163.356   
T15E8 7365:163.366   Closed
